This file contains any messages produced by compilers while
running configure, to aid debugging if configure makes a mistake.

It was created by newlib configure 2.5.0, which was
generated by GNU Autoconf 2.68.  Invocation command line was

  $ /cygdrive/c/intelfpga_pro/18.1/nios2eds/bin/gnu/src/newlib-2.5.0/newlib/libc/machine/configure --disable-option-checking --prefix=/cygdrive/c/Git/ArrowESC/Cyclone10GX_Rev2_Demo/software/C10GX_SoM_Rev2_Demo_bsp/newlib --with-newlib --with-cross-host=x86_64-unknown-cygwin --enable-multilib --enable-newlib-nano-malloc --program-transform-name=s&^&nios2-elf-& --with-target-subdir=nios2-elf --build=x86_64-unknown-cygwin --host=nios2-elf --target=nios2-elf build_alias=x86_64-unknown-cygwin host_alias=nios2-elf target_alias=nios2-elf CC=/cygdrive/c/Git/ArrowESC/Cyclone10GX_Rev2_Demo/software/C10GX_SoM_Rev2_Demo_bsp/newlib-build-tmp/build-newlib-stage-wrapper nios2-elf-gcc -B/cygdrive/c/Git/ArrowESC/Cyclone10GX_Rev2_Demo/software/C10GX_SoM_Rev2_Demo_bsp/newlib-build-tmp/smallc/nios2-elf/newlib/ -isystem /cygdrive/c/Git/ArrowESC/Cyclone10GX_Rev2_Demo/software/C10GX_SoM_Rev2_Demo_bsp/newlib-build-tmp/smallc/nios2-elf/newlib/targ-include -isystem /cygdrive/c/intelfpga_pro/18.1/nios2eds/bin/gnu/src/newlib-2.5.0/newlib/libc/include -B/cygdrive/c/Git/ArrowESC/Cyclone10GX_Rev2_Demo/software/C10GX_SoM_Rev2_Demo_bsp/newlib-build-tmp/smallc/nios2-elf/libgloss/nios2 -L/cygdrive/c/Git/ArrowESC/Cyclone10GX_Rev2_Demo/software/C10GX_SoM_Rev2_Demo_bsp/newlib-build-tmp/smallc/nios2-elf/libgloss/libnosys -L/cygdrive/c/intelfpga_pro/18.1/nios2eds/bin/gnu/src/newlib-2.5.0/libgloss/nios2    CFLAGS=-g -Os -ffunction-sections -fdata-sections -mno-gpopt LDFLAGS= CPPFLAGS= --cache-file=../.././config.cache --srcdir=/cygdrive/c/intelfpga_pro/18.1/nios2eds/bin/gnu/src/newlib-2.5.0/newlib/libc/machine

## --------- ##
## Platform. ##
## --------- ##

hostname = PLL00202
uname -m = x86_64
uname -r = 2.11.2(0.329/5/3)
uname -s = CYGWIN_NT-10.0
uname -v = 2018-11-08 14:34

/usr/bin/uname -p = unknown
/bin/uname -X     = unknown

/bin/arch              = x86_64
/usr/bin/arch -k       = unknown
/usr/convex/getsysinfo = unknown
/usr/bin/hostinfo      = unknown
/bin/machine           = unknown
/usr/bin/oslevel       = unknown
/bin/universe          = unknown

PATH: /bin
PATH: /cygdrive/c/intelFPGA_pro/18.1/nios2eds/bin/gnu/H-x86_64-mingw32/bin


## ----------- ##
## Core tests. ##
## ----------- ##

configure:2109: loading cache ../.././config.cache
configure:2227: checking build system type
configure:2241: result: x86_64-unknown-cygwin
configure:2261: checking host system type
configure:2274: result: nios2-unknown-elf
configure:2310: checking for a BSD-compatible install
configure:2378: result: /bin/install -c
configure:2389: checking whether build environment is sane
configure:2439: result: yes
configure:2488: checking for nios2-elf-strip
configure:2515: result: nios2-elf-strip
configure:2580: checking for a thread-safe mkdir -p
configure:2619: result: /bin/mkdir -p
configure:2632: checking for gawk
configure:2659: result: gawk
configure:2670: checking whether make sets $(MAKE)
configure:2692: result: yes
configure:2722: checking for style of include used by make
configure:2750: result: GNU
configure:2960: checking for gcc
configure:2987: result: /cygdrive/c/Git/ArrowESC/Cyclone10GX_Rev2_Demo/software/C10GX_SoM_Rev2_Demo_bsp/newlib-build-tmp/build-newlib-stage-wrapper nios2-elf-gcc -B/cygdrive/c/Git/ArrowESC/Cyclone10GX_Rev2_Demo/software/C10GX_SoM_Rev2_Demo_bsp/newlib-build-tmp/smallc/nios2-elf/newlib/ -isystem /cygdrive/c/Git/ArrowESC/Cyclone10GX_Rev2_Demo/software/C10GX_SoM_Rev2_Demo_bsp/newlib-build-tmp/smallc/nios2-elf/newlib/targ-include -isystem /cygdrive/c/intelfpga_pro/18.1/nios2eds/bin/gnu/src/newlib-2.5.0/newlib/libc/include -B/cygdrive/c/Git/ArrowESC/Cyclone10GX_Rev2_Demo/software/C10GX_SoM_Rev2_Demo_bsp/newlib-build-tmp/smallc/nios2-elf/libgloss/nios2 -L/cygdrive/c/Git/ArrowESC/Cyclone10GX_Rev2_Demo/software/C10GX_SoM_Rev2_Demo_bsp/newlib-build-tmp/smallc/nios2-elf/libgloss/libnosys -L/cygdrive/c/intelfpga_pro/18.1/nios2eds/bin/gnu/src/newlib-2.5.0/libgloss/nios2   
configure:2998: checking dependency style of /cygdrive/c/Git/ArrowESC/Cyclone10GX_Rev2_Demo/software/C10GX_SoM_Rev2_Demo_bsp/newlib-build-tmp/build-newlib-stage-wrapper nios2-elf-gcc -B/cygdrive/c/Git/ArrowESC/Cyclone10GX_Rev2_Demo/software/C10GX_SoM_Rev2_Demo_bsp/newlib-build-tmp/smallc/nios2-elf/newlib/ -isystem /cygdrive/c/Git/ArrowESC/Cyclone10GX_Rev2_Demo/software/C10GX_SoM_Rev2_Demo_bsp/newlib-build-tmp/smallc/nios2-elf/newlib/targ-include -isystem /cygdrive/c/intelfpga_pro/18.1/nios2eds/bin/gnu/src/newlib-2.5.0/newlib/libc/include -B/cygdrive/c/Git/ArrowESC/Cyclone10GX_Rev2_Demo/software/C10GX_SoM_Rev2_Demo_bsp/newlib-build-tmp/smallc/nios2-elf/libgloss/nios2 -L/cygdrive/c/Git/ArrowESC/Cyclone10GX_Rev2_Demo/software/C10GX_SoM_Rev2_Demo_bsp/newlib-build-tmp/smallc/nios2-elf/libgloss/libnosys -L/cygdrive/c/intelfpga_pro/18.1/nios2eds/bin/gnu/src/newlib-2.5.0/libgloss/nios2   
configure:3109: result: gcc3
configure:3182: checking whether we are using GNU C
configure:3203: result: yes
configure:3212: checking whether /cygdrive/c/Git/ArrowESC/Cyclone10GX_Rev2_Demo/software/C10GX_SoM_Rev2_Demo_bsp/newlib-build-tmp/build-newlib-stage-wrapper nios2-elf-gcc -B/cygdrive/c/Git/ArrowESC/Cyclone10GX_Rev2_Demo/software/C10GX_SoM_Rev2_Demo_bsp/newlib-build-tmp/smallc/nios2-elf/newlib/ -isystem /cygdrive/c/Git/ArrowESC/Cyclone10GX_Rev2_Demo/software/C10GX_SoM_Rev2_Demo_bsp/newlib-build-tmp/smallc/nios2-elf/newlib/targ-include -isystem /cygdrive/c/intelfpga_pro/18.1/nios2eds/bin/gnu/src/newlib-2.5.0/newlib/libc/include -B/cygdrive/c/Git/ArrowESC/Cyclone10GX_Rev2_Demo/software/C10GX_SoM_Rev2_Demo_bsp/newlib-build-tmp/smallc/nios2-elf/libgloss/nios2 -L/cygdrive/c/Git/ArrowESC/Cyclone10GX_Rev2_Demo/software/C10GX_SoM_Rev2_Demo_bsp/newlib-build-tmp/smallc/nios2-elf/libgloss/libnosys -L/cygdrive/c/intelfpga_pro/18.1/nios2eds/bin/gnu/src/newlib-2.5.0/libgloss/nios2    accepts -g
configure:3273: result: no
configure:3306: checking for nios2-elf-as
configure:3333: result: /cygdrive/c/Git/ArrowESC/Cyclone10GX_Rev2_Demo/software/C10GX_SoM_Rev2_Demo_bsp/newlib-build-tmp/build-newlib-stage-wrapper nios2-elf-as
configure:3398: checking for nios2-elf-ar
configure:3425: result: /cygdrive/c/Git/ArrowESC/Cyclone10GX_Rev2_Demo/software/C10GX_SoM_Rev2_Demo_bsp/newlib-build-tmp/build-newlib-stage-wrapper nios2-elf-ar
configure:3490: checking for nios2-elf-ranlib
configure:3517: result: /cygdrive/c/Git/ArrowESC/Cyclone10GX_Rev2_Demo/software/C10GX_SoM_Rev2_Demo_bsp/newlib-build-tmp/build-newlib-stage-wrapper nios2-elf-ranlib
configure:3582: checking for nios2-elf-readelf
configure:3609: result: nios2-elf-readelf
configure:3678: checking whether to enable maintainer-specific portions of Makefiles
configure:3687: result: no
configure:3797: checking for a sed that does not truncate output
configure:3861: result: /bin/sed
configure:3883: checking how to print strings
configure:3910: result: printf
configure:12165: creating ./config.status
