Info: Generated by version: 18.1.2 build 277
Info: Starting: Create block symbol file (.bsf)
Info: qsys-generate C:\Developer\fpga\ArrowESC\Cyclone10GX_Demo\ip\mcu_subsystem\mcu_subsystem_iopll_1.ip --block-symbol-file --output-directory=C:\Developer\fpga\ArrowESC\Cyclone10GX_Demo\ip\mcu_subsystem\mcu_subsystem_iopll_1 --family="Cyclone 10 GX" --part=10CX220YF780I5G
Info: mcu_subsystem_iopll_1.iopll_1: Upstream cascaded IOPLLs must have a low-bandwidth setting.
Info: mcu_subsystem_iopll_1.iopll_1: Able to implement PLL with user settings
Info: mcu_subsystem_iopll_1.iopll_1: Output clock 8 will be used as the cascading  source.  Outclk0 parameters will be copied to/swapped with outclk8.
Info: qsys-generate succeeded.
Info: Finished: Create block symbol file (.bsf)
Info: 
Info: Starting: Create HDL design files for synthesis
Info: qsys-generate C:\Developer\fpga\ArrowESC\Cyclone10GX_Demo\ip\mcu_subsystem\mcu_subsystem_iopll_1.ip --synthesis=VERILOG --output-directory=C:\Developer\fpga\ArrowESC\Cyclone10GX_Demo\ip\mcu_subsystem\mcu_subsystem_iopll_1 --family="Cyclone 10 GX" --part=10CX220YF780I5G
Info: mcu_subsystem_iopll_1.iopll_1: Upstream cascaded IOPLLs must have a low-bandwidth setting.
Info: mcu_subsystem_iopll_1.iopll_1: Able to implement PLL with user settings
Info: mcu_subsystem_iopll_1.iopll_1: Output clock 8 will be used as the cascading  source.  Outclk0 parameters will be copied to/swapped with outclk8.
Info: mcu_subsystem_iopll_1: "Transforming system: mcu_subsystem_iopll_1"
Info: mcu_subsystem_iopll_1: "Naming system components in system: mcu_subsystem_iopll_1"
Info: mcu_subsystem_iopll_1: "Processing generation queue"
Info: mcu_subsystem_iopll_1: "Generating: mcu_subsystem_iopll_1"
Info: mcu_subsystem_iopll_1: "Generating: mcu_subsystem_iopll_1_altera_iopll_181_atfwdny"
Info: mcu_subsystem_iopll_1: Done "mcu_subsystem_iopll_1" with 2 modules, 2 files
Info: qsys-generate succeeded.
Info: Finished: Create HDL design files for synthesis
