Info: Generated by version: 18.1.2 build 277
Info: Starting: Create block symbol file (.bsf)
Info: qsys-generate C:\Developer\fpga\ArrowESC\Cyclone10GX_Demo\ip\mcu_subsystem\mcu_subsystem_adi_jesd204_0.ip --block-symbol-file --output-directory=C:\Developer\fpga\ArrowESC\Cyclone10GX_Demo\ip\mcu_subsystem\mcu_subsystem_adi_jesd204_0 --family="Cyclone 10 GX" --part=10CX220YF780I5G
Info: qsys-generate succeeded.
Info: Finished: Create block symbol file (.bsf)
Info: 
Info: Starting: Create HDL design files for synthesis
Info: qsys-generate C:\Developer\fpga\ArrowESC\Cyclone10GX_Demo\ip\mcu_subsystem\mcu_subsystem_adi_jesd204_0.ip --synthesis=VERILOG --output-directory=C:\Developer\fpga\ArrowESC\Cyclone10GX_Demo\ip\mcu_subsystem\mcu_subsystem_adi_jesd204_0 --family="Cyclone 10 GX" --part=10CX220YF780I5G
Info: mcu_subsystem_adi_jesd204_0: "Transforming system: mcu_subsystem_adi_jesd204_0"
Info: mcu_subsystem_adi_jesd204_0: "Naming system components in system: mcu_subsystem_adi_jesd204_0"
Info: mcu_subsystem_adi_jesd204_0: "Processing generation queue"
Info: mcu_subsystem_adi_jesd204_0: "Generating: mcu_subsystem_adi_jesd204_0"
Info: mcu_subsystem_adi_jesd204_0: "Generating: mcu_subsystem_adi_jesd204_0_adi_jesd204_10_4wagefq"
Info: mcu_subsystem_adi_jesd204_0: "Generating: altera_xcvr_fpll_a10"
Info: link_pll: add_fileset_file ./twentynm_xcvr_avmm.sv SYSTEM_VERILOG PATH ../../../alt_xcvr_core/nf/twentynm_xcvr_avmm.sv
Info: link_pll: add_fileset_file ./alt_xcvr_resync.sv SYSTEM_VERILOG PATH ../../../../altera_xcvr_generic/ctrl/alt_xcvr_resync.sv
Info: link_pll: add_fileset_file ./altera_xcvr_fpll_a10.sv SYSTEM_VERILOG PATH ../source/altera_xcvr_fpll_a10.sv
Info: link_pll: add_fileset_file ./a10_avmm_h.sv SYSTEM_VERILOG PATH ../../../altera_xcvr_native_phy/altera_xcvr_native_vi/a10_avmm_h.sv
Info: link_pll: add_fileset_file ./alt_xcvr_native_avmm_nf.sv SYSTEM_VERILOG PATH ../../../altera_xcvr_native_phy/altera_xcvr_native_vi/alt_xcvr_native_avmm_nf.sv
Info: link_pll: add_fileset_file ./alt_xcvr_pll_embedded_debug.sv SYSTEM_VERILOG PATH ../../altera_xcvr_atx_pll_vi/source/alt_xcvr_pll_embedded_debug.sv
Info: link_pll: add_fileset_file ./alt_xcvr_pll_avmm_csr.sv SYSTEM_VERILOG PATH ../../altera_xcvr_atx_pll_vi/source/alt_xcvr_pll_avmm_csr.sv
Info: mcu_subsystem_adi_jesd204_0: "Generating: axi_adxcvr"
Info: mcu_subsystem_adi_jesd204_0: "Generating: altera_xcvr_reset_control"
Info: link_pll_reset_control: add_fileset_file ./altera_xcvr_functions.sv SYSTEM_VERILOG PATH ../../../altera_xcvr_generic/altera_xcvr_functions.sv
Info: link_pll_reset_control: add_fileset_file ./alt_xcvr_resync.sv SYSTEM_VERILOG PATH ../../../altera_xcvr_generic/ctrl/alt_xcvr_resync.sv
Info: link_pll_reset_control: add_fileset_file ./altera_xcvr_reset_control.sv SYSTEM_VERILOG PATH ..//altera_xcvr_reset_control.sv
Info: link_pll_reset_control: add_fileset_file ./alt_xcvr_reset_counter.sv SYSTEM_VERILOG PATH ..//alt_xcvr_reset_counter.sv
Info: mcu_subsystem_adi_jesd204_0: "Generating: mcu_subsystem_adi_jesd204_0_jesd204_phy_10_eop55vq"
Info: mcu_subsystem_adi_jesd204_0: "Generating: mcu_subsystem_adi_jesd204_0_altera_xcvr_atx_pll_a10_181_64s33ta"
Info: lane_pll: add_fileset_file ./twentynm_xcvr_avmm.sv SYSTEM_VERILOG PATH ../../../alt_xcvr_core/nf/twentynm_xcvr_avmm.sv
Info: lane_pll: add_fileset_file ./alt_xcvr_resync.sv SYSTEM_VERILOG PATH ../../../../altera_xcvr_generic/ctrl/alt_xcvr_resync.sv
Info: lane_pll: add_fileset_file ./alt_xcvr_arbiter.sv SYSTEM_VERILOG PATH ../../../../altera_xcvr_generic/ctrl/alt_xcvr_arbiter.sv
Info: lane_pll: add_fileset_file ./a10_avmm_h.sv SYSTEM_VERILOG PATH ../../../altera_xcvr_native_phy/altera_xcvr_native_vi/a10_avmm_h.sv
Info: lane_pll: add_fileset_file ./altera_xcvr_native_a10_functions_h.sv SYSTEM_VERILOG PATH ../../../altera_xcvr_native_phy/altera_xcvr_native_vi/altera_xcvr_native_a10_functions_h.sv
Info: lane_pll: add_fileset_file ./alt_xcvr_atx_pll_rcfg_arb.sv SYSTEM_VERILOG PATH ../source/alt_xcvr_atx_pll_rcfg_arb.sv
Info: lane_pll: add_fileset_file ./a10_xcvr_atx_pll.sv SYSTEM_VERILOG PATH ../source/a10_xcvr_atx_pll.sv
Info: lane_pll: add_fileset_file ./alt_xcvr_pll_embedded_debug.sv SYSTEM_VERILOG PATH ../source/alt_xcvr_pll_embedded_debug.sv
Info: lane_pll: add_fileset_file ./alt_xcvr_pll_avmm_csr.sv SYSTEM_VERILOG PATH ../source/alt_xcvr_pll_avmm_csr.sv
Info: mcu_subsystem_adi_jesd204_0: "Generating: axi_jesd204_tx"
Info: mcu_subsystem_adi_jesd204_0: "Generating: jesd204_tx"
Info: mcu_subsystem_adi_jesd204_0: "Generating: altera_reset_controller"
Info: mcu_subsystem_adi_jesd204_0: "Generating: mcu_subsystem_adi_jesd204_0_altera_xcvr_native_a10_181_y6v2a2a"
Info: native_phy: add_fileset_file ./alt_xcvr_resync.sv SYSTEM_VERILOG PATH ../../../../altera_xcvr_generic/ctrl/alt_xcvr_resync.sv
Info: native_phy: add_fileset_file ./alt_xcvr_arbiter.sv SYSTEM_VERILOG PATH ../../../../altera_xcvr_generic/ctrl/alt_xcvr_arbiter.sv
Info: native_phy: add_fileset_file ./twentynm_pcs.sv SYSTEM_VERILOG PATH ../../../alt_xcvr_core/nf/twentynm_pcs.sv
Info: native_phy: add_fileset_file ./twentynm_pma.sv SYSTEM_VERILOG PATH ../../../alt_xcvr_core/nf/twentynm_pma.sv
Info: native_phy: add_fileset_file ./twentynm_xcvr_avmm.sv SYSTEM_VERILOG PATH ../../../alt_xcvr_core/nf/twentynm_xcvr_avmm.sv
Info: native_phy: add_fileset_file ./twentynm_xcvr_native.sv SYSTEM_VERILOG PATH ../../../alt_xcvr_core/nf/twentynm_xcvr_native.sv
Info: native_phy: add_fileset_file ./altera_xcvr_native_a10_functions_h.sv SYSTEM_VERILOG PATH ..//altera_xcvr_native_a10_functions_h.sv
Info: native_phy: add_fileset_file ./a10_avmm_h.sv SYSTEM_VERILOG PATH ..//a10_avmm_h.sv
Info: native_phy: add_fileset_file ./alt_xcvr_native_pipe_retry.sv SYSTEM_VERILOG PATH ..//alt_xcvr_native_pipe_retry.sv
Info: native_phy: add_fileset_file ./alt_xcvr_native_avmm_csr.sv SYSTEM_VERILOG PATH ..//alt_xcvr_native_avmm_csr.sv
Info: native_phy: add_fileset_file ./alt_xcvr_native_prbs_accum.sv SYSTEM_VERILOG PATH ..//alt_xcvr_native_prbs_accum.sv
Info: native_phy: add_fileset_file ./alt_xcvr_native_odi_accel.sv SYSTEM_VERILOG PATH ..//alt_xcvr_native_odi_accel.sv
Info: native_phy: add_fileset_file ./alt_xcvr_native_rcfg_arb.sv SYSTEM_VERILOG PATH ..//alt_xcvr_native_rcfg_arb.sv
Info: native_phy: add_fileset_file ./altera_xcvr_native_a10_false_paths.sdc SDC PATH ..//altera_xcvr_native_a10_false_paths.sdc
Info: native_phy: add_fileset_file ./altera_xcvr_native_pcie_dfe_params_h.sv SYSTEM_VERILOG PATH ../pcie_dfe_ip/altera_xcvr_native_pcie_dfe_params_h.sv
Info: native_phy: add_fileset_file ./pcie_mgmt_commands_h.sv SYSTEM_VERILOG PATH ../pcie_dfe_ip/pcie_mgmt_commands_h.sv
Info: native_phy: add_fileset_file ./pcie_mgmt_functions_h.sv SYSTEM_VERILOG PATH ../pcie_dfe_ip/pcie_mgmt_functions_h.sv
Info: native_phy: add_fileset_file ./pcie_mgmt_program.sv SYSTEM_VERILOG PATH ../pcie_dfe_ip/pcie_mgmt_program.sv
Info: native_phy: add_fileset_file ./pcie_mgmt_cpu.sv SYSTEM_VERILOG PATH ../pcie_dfe_ip/pcie_mgmt_cpu.sv
Info: native_phy: add_fileset_file ./pcie_mgmt_master.sv SYSTEM_VERILOG PATH ../pcie_dfe_ip/pcie_mgmt_master.sv
Info: native_phy: add_fileset_file ./altera_xcvr_native_pcie_dfe_ip.sv SYSTEM_VERILOG PATH ../pcie_dfe_ip/altera_xcvr_native_pcie_dfe_ip.sv
Info: native_phy: Building configuration data for reconfiguration profile 0
Info: mcu_subsystem_adi_jesd204_0: "Generating: jesd204_glue"
Info: mcu_subsystem_adi_jesd204_0: "Generating: jesd204_soft_pcs_tx"
Info: mcu_subsystem_adi_jesd204_0: Done "mcu_subsystem_adi_jesd204_0" with 13 modules, 82 files
Info: qsys-generate succeeded.
Info: Finished: Create HDL design files for synthesis
