Info: Generated by version: 18.1.2 build 277
Info: Starting: Create block symbol file (.bsf)
Info: qsys-generate C:\Git\ArrowESC\Cyclone10GX_Rev2_Demo\ip\iopll.ip --block-symbol-file --output-directory=C:\Git\ArrowESC\Cyclone10GX_Rev2_Demo\ip\iopll --family="Cyclone 10 GX" --part=10CX220YF780I5G
Info: iopll.iopll_0: Able to implement PLL with user settings
Info: qsys-generate succeeded.
Info: Finished: Create block symbol file (.bsf)
Info: 
Info: Starting: Create HDL design files for synthesis
Info: qsys-generate C:\Git\ArrowESC\Cyclone10GX_Rev2_Demo\ip\iopll.ip --synthesis=VERILOG --output-directory=C:\Git\ArrowESC\Cyclone10GX_Rev2_Demo\ip\iopll --family="Cyclone 10 GX" --part=10CX220YF780I5G
Info: iopll.iopll_0: Able to implement PLL with user settings
Info: iopll: "Transforming system: iopll"
Info: iopll: "Naming system components in system: iopll"
Info: iopll: "Processing generation queue"
Info: iopll: "Generating: iopll"
Info: iopll: "Generating: iopll_altera_iopll_181_tuv3qua"
Info: iopll: Done "iopll" with 2 modules, 2 files
Info: qsys-generate succeeded.
Info: Finished: Create HDL design files for synthesis
Info: Starting: Generate IP Core Documentation
Info: No documentation filesets were found for components in iopll. No files generated.
Info: Finished: Generate IP Core Documentation
