Info: Generated by version: 18.1.2 build 277
Info: Starting: Create block symbol file (.bsf)
Info: qsys-generate C:\Git\ArrowESC\Cyclone10GX_Rev2_Demo\ip\mcu_subsystem\ad9680_core.ip --block-symbol-file --output-directory=C:\Git\ArrowESC\Cyclone10GX_Rev2_Demo\ip\mcu_subsystem\ad9680_core --family="Cyclone 10 GX" --part=10CX220YF780I5G
Warning: ad9680_core.ad9680_core.if_rx_data: Interface must have an associated reset
Warning: ad9680_core.ad9680_core.if_rx_data: ad9680_core.if_rx_data does not have an associated reset
Warning: ad9680_core: You have exported the interface ad9680_core.if_rx_data but not its associated reset interface.  Export the driver(s) of associatedReset of ad9680_core.if_rx_data
Info: qsys-generate succeeded.
Info: Finished: Create block symbol file (.bsf)
Info: 
Info: Starting: Create HDL design files for synthesis
Info: qsys-generate C:\Git\ArrowESC\Cyclone10GX_Rev2_Demo\ip\mcu_subsystem\ad9680_core.ip --synthesis=VERILOG --output-directory=C:\Git\ArrowESC\Cyclone10GX_Rev2_Demo\ip\mcu_subsystem\ad9680_core --family="Cyclone 10 GX" --part=10CX220YF780I5G
Warning: ad9680_core.ad9680_core.if_rx_data: Interface must have an associated reset
Warning: ad9680_core.ad9680_core.if_rx_data: ad9680_core.if_rx_data does not have an associated reset
Warning: ad9680_core: You have exported the interface ad9680_core.if_rx_data but not its associated reset interface.  Export the driver(s) of associatedReset of ad9680_core.if_rx_data
Info: ad9680_core: "Transforming system: ad9680_core"
Info: ad9680_core: "Naming system components in system: ad9680_core"
Info: ad9680_core: "Processing generation queue"
Info: ad9680_core: "Generating: ad9680_core"
Info: ad9680_core: "Generating: axi_ad9680"
Info: ad9680_core: Done "ad9680_core" with 2 modules, 22 files
Info: qsys-generate succeeded.
Info: Finished: Create HDL design files for synthesis
