This file contains any messages produced by compilers while
running configure, to aid debugging if configure makes a mistake.

It was created by newlib configure 2.5.0, which was
generated by GNU Autoconf 2.68.  Invocation command line was

  $ /cygdrive/c/intelfpga_pro/18.1/nios2eds/bin/gnu/src/newlib-2.5.0/newlib/configure --srcdir=/cygdrive/c/intelfpga_pro/18.1/nios2eds/bin/gnu/src/newlib-2.5.0/newlib --cache-file=./config.cache --with-newlib --with-cross-host=x86_64-unknown-cygwin --enable-multilib --enable-newlib-nano-malloc --prefix=/cygdrive/c/Developer/fpga/ArrowESC/Cyclone10GX_Demo/software/Cyclone10GX_Demo_bsp/newlib --program-transform-name=s&^&nios2-elf-& --disable-option-checking --with-target-subdir=nios2-elf --build=x86_64-unknown-cygwin --host=nios2-elf --target=nios2-elf

## --------- ##
## Platform. ##
## --------- ##

hostname = PLL00202
uname -m = x86_64
uname -r = 2.11.2(0.329/5/3)
uname -s = CYGWIN_NT-10.0
uname -v = 2018-11-08 14:34

/usr/bin/uname -p = unknown
/bin/uname -X     = unknown

/bin/arch              = x86_64
/usr/bin/arch -k       = unknown
/usr/convex/getsysinfo = unknown
/usr/bin/hostinfo      = unknown
/bin/machine           = unknown
/usr/bin/oslevel       = unknown
/bin/universe          = unknown

PATH: /bin
PATH: /cygdrive/c/intelFPGA_pro/18.1/nios2eds/bin/gnu/H-x86_64-mingw32/bin


## ----------- ##
## Core tests. ##
## ----------- ##

configure:2136: creating cache ./config.cache
configure:2509: checking build system type
configure:2523: result: x86_64-unknown-cygwin
configure:2543: checking host system type
configure:2556: result: nios2-unknown-elf
configure:2592: checking for a BSD-compatible install
configure:2660: result: /bin/install -c
configure:2671: checking whether build environment is sane
configure:2721: result: yes
configure:2770: checking for nios2-elf-strip
configure:2797: result: nios2-elf-strip
configure:2862: checking for a thread-safe mkdir -p
configure:2901: result: /bin/mkdir -p
configure:2914: checking for gawk
configure:2941: result: gawk
configure:2952: checking whether make sets $(MAKE)
configure:2974: result: yes
configure:3004: checking for style of include used by make
configure:3032: result: GNU
configure:3242: checking for gcc
configure:3269: result: /cygdrive/c/Developer/fpga/ArrowESC/Cyclone10GX_Demo/software/Cyclone10GX_Demo_bsp/newlib-build-tmp/build-newlib-stage-wrapper nios2-elf-gcc -B/cygdrive/c/Developer/fpga/ArrowESC/Cyclone10GX_Demo/software/Cyclone10GX_Demo_bsp/newlib-build-tmp/smallc/nios2-elf/newlib/ -isystem /cygdrive/c/Developer/fpga/ArrowESC/Cyclone10GX_Demo/software/Cyclone10GX_Demo_bsp/newlib-build-tmp/smallc/nios2-elf/newlib/targ-include -isystem /cygdrive/c/intelfpga_pro/18.1/nios2eds/bin/gnu/src/newlib-2.5.0/newlib/libc/include -B/cygdrive/c/Developer/fpga/ArrowESC/Cyclone10GX_Demo/software/Cyclone10GX_Demo_bsp/newlib-build-tmp/smallc/nios2-elf/libgloss/nios2 -L/cygdrive/c/Developer/fpga/ArrowESC/Cyclone10GX_Demo/software/Cyclone10GX_Demo_bsp/newlib-build-tmp/smallc/nios2-elf/libgloss/libnosys -L/cygdrive/c/intelfpga_pro/18.1/nios2eds/bin/gnu/src/newlib-2.5.0/libgloss/nios2   
configure:3280: checking dependency style of /cygdrive/c/Developer/fpga/ArrowESC/Cyclone10GX_Demo/software/Cyclone10GX_Demo_bsp/newlib-build-tmp/build-newlib-stage-wrapper nios2-elf-gcc -B/cygdrive/c/Developer/fpga/ArrowESC/Cyclone10GX_Demo/software/Cyclone10GX_Demo_bsp/newlib-build-tmp/smallc/nios2-elf/newlib/ -isystem /cygdrive/c/Developer/fpga/ArrowESC/Cyclone10GX_Demo/software/Cyclone10GX_Demo_bsp/newlib-build-tmp/smallc/nios2-elf/newlib/targ-include -isystem /cygdrive/c/intelfpga_pro/18.1/nios2eds/bin/gnu/src/newlib-2.5.0/newlib/libc/include -B/cygdrive/c/Developer/fpga/ArrowESC/Cyclone10GX_Demo/software/Cyclone10GX_Demo_bsp/newlib-build-tmp/smallc/nios2-elf/libgloss/nios2 -L/cygdrive/c/Developer/fpga/ArrowESC/Cyclone10GX_Demo/software/Cyclone10GX_Demo_bsp/newlib-build-tmp/smallc/nios2-elf/libgloss/libnosys -L/cygdrive/c/intelfpga_pro/18.1/nios2eds/bin/gnu/src/newlib-2.5.0/libgloss/nios2   
configure:3391: result: gcc3
configure:3464: checking whether we are using GNU C
configure:3475: /cygdrive/c/Developer/fpga/ArrowESC/Cyclone10GX_Demo/software/Cyclone10GX_Demo_bsp/newlib-build-tmp/build-newlib-stage-wrapper nios2-elf-gcc -B/cygdrive/c/Developer/fpga/ArrowESC/Cyclone10GX_Demo/software/Cyclone10GX_Demo_bsp/newlib-build-tmp/smallc/nios2-elf/newlib/ -isystem /cygdrive/c/Developer/fpga/ArrowESC/Cyclone10GX_Demo/software/Cyclone10GX_Demo_bsp/newlib-build-tmp/smallc/nios2-elf/newlib/targ-include -isystem /cygdrive/c/intelfpga_pro/18.1/nios2eds/bin/gnu/src/newlib-2.5.0/newlib/libc/include -B/cygdrive/c/Developer/fpga/ArrowESC/Cyclone10GX_Demo/software/Cyclone10GX_Demo_bsp/newlib-build-tmp/smallc/nios2-elf/libgloss/nios2 -L/cygdrive/c/Developer/fpga/ArrowESC/Cyclone10GX_Demo/software/Cyclone10GX_Demo_bsp/newlib-build-tmp/smallc/nios2-elf/libgloss/libnosys -L/cygdrive/c/intelfpga_pro/18.1/nios2eds/bin/gnu/src/newlib-2.5.0/libgloss/nios2    -E conftest.c
configure:3478: $? = 0
configure:3485: result: yes
configure:3494: checking whether /cygdrive/c/Developer/fpga/ArrowESC/Cyclone10GX_Demo/software/Cyclone10GX_Demo_bsp/newlib-build-tmp/build-newlib-stage-wrapper nios2-elf-gcc -B/cygdrive/c/Developer/fpga/ArrowESC/Cyclone10GX_Demo/software/Cyclone10GX_Demo_bsp/newlib-build-tmp/smallc/nios2-elf/newlib/ -isystem /cygdrive/c/Developer/fpga/ArrowESC/Cyclone10GX_Demo/software/Cyclone10GX_Demo_bsp/newlib-build-tmp/smallc/nios2-elf/newlib/targ-include -isystem /cygdrive/c/intelfpga_pro/18.1/nios2eds/bin/gnu/src/newlib-2.5.0/newlib/libc/include -B/cygdrive/c/Developer/fpga/ArrowESC/Cyclone10GX_Demo/software/Cyclone10GX_Demo_bsp/newlib-build-tmp/smallc/nios2-elf/libgloss/nios2 -L/cygdrive/c/Developer/fpga/ArrowESC/Cyclone10GX_Demo/software/Cyclone10GX_Demo_bsp/newlib-build-tmp/smallc/nios2-elf/libgloss/libnosys -L/cygdrive/c/intelfpga_pro/18.1/nios2eds/bin/gnu/src/newlib-2.5.0/libgloss/nios2    accepts -g
configure:3514: /cygdrive/c/Developer/fpga/ArrowESC/Cyclone10GX_Demo/software/Cyclone10GX_Demo_bsp/newlib-build-tmp/build-newlib-stage-wrapper nios2-elf-gcc -B/cygdrive/c/Developer/fpga/ArrowESC/Cyclone10GX_Demo/software/Cyclone10GX_Demo_bsp/newlib-build-tmp/smallc/nios2-elf/newlib/ -isystem /cygdrive/c/Developer/fpga/ArrowESC/Cyclone10GX_Demo/software/Cyclone10GX_Demo_bsp/newlib-build-tmp/smallc/nios2-elf/newlib/targ-include -isystem /cygdrive/c/intelfpga_pro/18.1/nios2eds/bin/gnu/src/newlib-2.5.0/newlib/libc/include -B/cygdrive/c/Developer/fpga/ArrowESC/Cyclone10GX_Demo/software/Cyclone10GX_Demo_bsp/newlib-build-tmp/smallc/nios2-elf/libgloss/nios2 -L/cygdrive/c/Developer/fpga/ArrowESC/Cyclone10GX_Demo/software/Cyclone10GX_Demo_bsp/newlib-build-tmp/smallc/nios2-elf/libgloss/libnosys -L/cygdrive/c/intelfpga_pro/18.1/nios2eds/bin/gnu/src/newlib-2.5.0/libgloss/nios2    -c -g  conftest.c >&5
configure:3514: $? = 0
configure: failed program was:
| /* confdefs.h */
| #define PACKAGE_NAME "newlib"
| #define PACKAGE_TARNAME "newlib"
| #define PACKAGE_VERSION "2.5.0"
| #define PACKAGE_STRING "newlib 2.5.0"
| #define PACKAGE_BUGREPORT ""
| #define PACKAGE_URL ""
| /* end confdefs.h.  */
| 
| int
| main ()
| {
| 
|   ;
|   return 0;
| }
configure:3529: /cygdrive/c/Developer/fpga/ArrowESC/Cyclone10GX_Demo/software/Cyclone10GX_Demo_bsp/newlib-build-tmp/build-newlib-stage-wrapper nios2-elf-gcc -B/cygdrive/c/Developer/fpga/ArrowESC/Cyclone10GX_Demo/software/Cyclone10GX_Demo_bsp/newlib-build-tmp/smallc/nios2-elf/newlib/ -isystem /cygdrive/c/Developer/fpga/ArrowESC/Cyclone10GX_Demo/software/Cyclone10GX_Demo_bsp/newlib-build-tmp/smallc/nios2-elf/newlib/targ-include -isystem /cygdrive/c/intelfpga_pro/18.1/nios2eds/bin/gnu/src/newlib-2.5.0/newlib/libc/include -B/cygdrive/c/Developer/fpga/ArrowESC/Cyclone10GX_Demo/software/Cyclone10GX_Demo_bsp/newlib-build-tmp/smallc/nios2-elf/libgloss/nios2 -L/cygdrive/c/Developer/fpga/ArrowESC/Cyclone10GX_Demo/software/Cyclone10GX_Demo_bsp/newlib-build-tmp/smallc/nios2-elf/libgloss/libnosys -L/cygdrive/c/intelfpga_pro/18.1/nios2eds/bin/gnu/src/newlib-2.5.0/libgloss/nios2    -c   conftest.c >&5
configure:3529: $? = 0
configure: failed program was:
| /* confdefs.h */
| #define PACKAGE_NAME "newlib"
| #define PACKAGE_TARNAME "newlib"
| #define PACKAGE_VERSION "2.5.0"
| #define PACKAGE_STRING "newlib 2.5.0"
| #define PACKAGE_BUGREPORT ""
| #define PACKAGE_URL ""
| /* end confdefs.h.  */
| 
| int
| main ()
| {
| 
|   ;
|   return 0;
| }
configure:3545: /cygdrive/c/Developer/fpga/ArrowESC/Cyclone10GX_Demo/software/Cyclone10GX_Demo_bsp/newlib-build-tmp/build-newlib-stage-wrapper nios2-elf-gcc -B/cygdrive/c/Developer/fpga/ArrowESC/Cyclone10GX_Demo/software/Cyclone10GX_Demo_bsp/newlib-build-tmp/smallc/nios2-elf/newlib/ -isystem /cygdrive/c/Developer/fpga/ArrowESC/Cyclone10GX_Demo/software/Cyclone10GX_Demo_bsp/newlib-build-tmp/smallc/nios2-elf/newlib/targ-include -isystem /cygdrive/c/intelfpga_pro/18.1/nios2eds/bin/gnu/src/newlib-2.5.0/newlib/libc/include -B/cygdrive/c/Developer/fpga/ArrowESC/Cyclone10GX_Demo/software/Cyclone10GX_Demo_bsp/newlib-build-tmp/smallc/nios2-elf/libgloss/nios2 -L/cygdrive/c/Developer/fpga/ArrowESC/Cyclone10GX_Demo/software/Cyclone10GX_Demo_bsp/newlib-build-tmp/smallc/nios2-elf/libgloss/libnosys -L/cygdrive/c/intelfpga_pro/18.1/nios2eds/bin/gnu/src/newlib-2.5.0/libgloss/nios2    -c -g  conftest.c >&5
configure:3545: $? = 0
configure: failed program was:
| /* confdefs.h */
| #define PACKAGE_NAME "newlib"
| #define PACKAGE_TARNAME "newlib"
| #define PACKAGE_VERSION "2.5.0"
| #define PACKAGE_STRING "newlib 2.5.0"
| #define PACKAGE_BUGREPORT ""
| #define PACKAGE_URL ""
| /* end confdefs.h.  */
| 
| int
| main ()
| {
| 
|   ;
|   return 0;
| }
configure:3555: result: no
configure:3588: checking for nios2-elf-as
configure:3615: result: /cygdrive/c/Developer/fpga/ArrowESC/Cyclone10GX_Demo/software/Cyclone10GX_Demo_bsp/newlib-build-tmp/build-newlib-stage-wrapper nios2-elf-as
configure:3680: checking for nios2-elf-ar
configure:3707: result: /cygdrive/c/Developer/fpga/ArrowESC/Cyclone10GX_Demo/software/Cyclone10GX_Demo_bsp/newlib-build-tmp/build-newlib-stage-wrapper nios2-elf-ar
configure:3772: checking for nios2-elf-ranlib
configure:3799: result: /cygdrive/c/Developer/fpga/ArrowESC/Cyclone10GX_Demo/software/Cyclone10GX_Demo_bsp/newlib-build-tmp/build-newlib-stage-wrapper nios2-elf-ranlib
configure:3864: checking for nios2-elf-readelf
configure:3891: result: nios2-elf-readelf
configure:3960: checking whether to enable maintainer-specific portions of Makefiles
configure:3969: result: no
configure:4079: checking for a sed that does not truncate output
configure:4143: result: /bin/sed
configure:4165: checking how to print strings
configure:4192: result: printf
configure:4217: checking for gawk
configure:4244: result: gawk
configure:12574: checking for .preinit_array/.init_array/.fini_array support
configure:12603: result: no
configure:12614: checking if /cygdrive/c/Developer/fpga/ArrowESC/Cyclone10GX_Demo/software/Cyclone10GX_Demo_bsp/newlib-build-tmp/build-newlib-stage-wrapper nios2-elf-gcc -B/cygdrive/c/Developer/fpga/ArrowESC/Cyclone10GX_Demo/software/Cyclone10GX_Demo_bsp/newlib-build-tmp/smallc/nios2-elf/newlib/ -isystem /cygdrive/c/Developer/fpga/ArrowESC/Cyclone10GX_Demo/software/Cyclone10GX_Demo_bsp/newlib-build-tmp/smallc/nios2-elf/newlib/targ-include -isystem /cygdrive/c/intelfpga_pro/18.1/nios2eds/bin/gnu/src/newlib-2.5.0/newlib/libc/include -B/cygdrive/c/Developer/fpga/ArrowESC/Cyclone10GX_Demo/software/Cyclone10GX_Demo_bsp/newlib-build-tmp/smallc/nios2-elf/libgloss/nios2 -L/cygdrive/c/Developer/fpga/ArrowESC/Cyclone10GX_Demo/software/Cyclone10GX_Demo_bsp/newlib-build-tmp/smallc/nios2-elf/libgloss/libnosys -L/cygdrive/c/intelfpga_pro/18.1/nios2eds/bin/gnu/src/newlib-2.5.0/libgloss/nios2    accepts -fno-tree-loop-distribute-patterns with __attribute__ ((__optimize__))
configure:12628: /cygdrive/c/Developer/fpga/ArrowESC/Cyclone10GX_Demo/software/Cyclone10GX_Demo_bsp/newlib-build-tmp/build-newlib-stage-wrapper nios2-elf-gcc -B/cygdrive/c/Developer/fpga/ArrowESC/Cyclone10GX_Demo/software/Cyclone10GX_Demo_bsp/newlib-build-tmp/smallc/nios2-elf/newlib/ -isystem /cygdrive/c/Developer/fpga/ArrowESC/Cyclone10GX_Demo/software/Cyclone10GX_Demo_bsp/newlib-build-tmp/smallc/nios2-elf/newlib/targ-include -isystem /cygdrive/c/intelfpga_pro/18.1/nios2eds/bin/gnu/src/newlib-2.5.0/newlib/libc/include -B/cygdrive/c/Developer/fpga/ArrowESC/Cyclone10GX_Demo/software/Cyclone10GX_Demo_bsp/newlib-build-tmp/smallc/nios2-elf/libgloss/nios2 -L/cygdrive/c/Developer/fpga/ArrowESC/Cyclone10GX_Demo/software/Cyclone10GX_Demo_bsp/newlib-build-tmp/smallc/nios2-elf/libgloss/libnosys -L/cygdrive/c/intelfpga_pro/18.1/nios2eds/bin/gnu/src/newlib-2.5.0/libgloss/nios2    -g -Os -ffunction-sections -fdata-sections -mno-gpopt  -c
			    -fno-tree-loop-distribute-patterns conftest.c
configure:12631: $? = 0
configure:12638: result: yes
configure:12646: checking whether long double type exists
configure:12666: /cygdrive/c/Developer/fpga/ArrowESC/Cyclone10GX_Demo/software/Cyclone10GX_Demo_bsp/newlib-build-tmp/build-newlib-stage-wrapper nios2-elf-gcc -B/cygdrive/c/Developer/fpga/ArrowESC/Cyclone10GX_Demo/software/Cyclone10GX_Demo_bsp/newlib-build-tmp/smallc/nios2-elf/newlib/ -isystem /cygdrive/c/Developer/fpga/ArrowESC/Cyclone10GX_Demo/software/Cyclone10GX_Demo_bsp/newlib-build-tmp/smallc/nios2-elf/newlib/targ-include -isystem /cygdrive/c/intelfpga_pro/18.1/nios2eds/bin/gnu/src/newlib-2.5.0/newlib/libc/include -B/cygdrive/c/Developer/fpga/ArrowESC/Cyclone10GX_Demo/software/Cyclone10GX_Demo_bsp/newlib-build-tmp/smallc/nios2-elf/libgloss/nios2 -L/cygdrive/c/Developer/fpga/ArrowESC/Cyclone10GX_Demo/software/Cyclone10GX_Demo_bsp/newlib-build-tmp/smallc/nios2-elf/libgloss/libnosys -L/cygdrive/c/intelfpga_pro/18.1/nios2eds/bin/gnu/src/newlib-2.5.0/libgloss/nios2    -g -Os -ffunction-sections -fdata-sections -mno-gpopt  -c -o conftest.o conftest.c
							1>&5
configure:12669: $? = 0
configure:12678: result: yes
configure:12695: checking whether long double equals double
configure:12711: /cygdrive/c/Developer/fpga/ArrowESC/Cyclone10GX_Demo/software/Cyclone10GX_Demo_bsp/newlib-build-tmp/build-newlib-stage-wrapper nios2-elf-gcc -B/cygdrive/c/Developer/fpga/ArrowESC/Cyclone10GX_Demo/software/Cyclone10GX_Demo_bsp/newlib-build-tmp/smallc/nios2-elf/newlib/ -isystem /cygdrive/c/Developer/fpga/ArrowESC/Cyclone10GX_Demo/software/Cyclone10GX_Demo_bsp/newlib-build-tmp/smallc/nios2-elf/newlib/targ-include -isystem /cygdrive/c/intelfpga_pro/18.1/nios2eds/bin/gnu/src/newlib-2.5.0/newlib/libc/include -B/cygdrive/c/Developer/fpga/ArrowESC/Cyclone10GX_Demo/software/Cyclone10GX_Demo_bsp/newlib-build-tmp/smallc/nios2-elf/libgloss/nios2 -L/cygdrive/c/Developer/fpga/ArrowESC/Cyclone10GX_Demo/software/Cyclone10GX_Demo_bsp/newlib-build-tmp/smallc/nios2-elf/libgloss/libnosys -L/cygdrive/c/intelfpga_pro/18.1/nios2eds/bin/gnu/src/newlib-2.5.0/libgloss/nios2    -g -Os -ffunction-sections -fdata-sections -mno-gpopt  -c -o conftest.o conftest.c
							1>&5
configure:12714: $? = 0
configure:12723: result: yes
configure:12801: updating cache ./config.cache
configure:12922: creating ./config.status

## ---------------------- ##
## Running config.status. ##
## ---------------------- ##

This file was extended by newlib config.status 2.5.0, which was
generated by GNU Autoconf 2.68.  Invocation command line was

  CONFIG_FILES    = 
  CONFIG_HEADERS  = 
  CONFIG_LINKS    = 
  CONFIG_COMMANDS = 
  $ ./config.status 

on PLL00202

config.status:1161: creating Makefile
config.status:1161: creating _newlib_version.h
config.status:1161: creating newlib.h
config.status:1375: executing depfiles commands
configure:15242: === configuring in libc (/cygdrive/c/Developer/fpga/ArrowESC/Cyclone10GX_Demo/software/Cyclone10GX_Demo_bsp/newlib-build-tmp/smallc/nios2-elf/newlib/libc)
configure:15305: running /bin/sh /cygdrive/c/intelfpga_pro/18.1/nios2eds/bin/gnu/src/newlib-2.5.0/newlib/libc/configure --disable-option-checking '--prefix=/cygdrive/c/Developer/fpga/ArrowESC/Cyclone10GX_Demo/software/Cyclone10GX_Demo_bsp/newlib'  '--with-newlib' '--with-cross-host=x86_64-unknown-cygwin' '--enable-multilib' '--enable-newlib-nano-malloc' '--program-transform-name=s&^&nios2-elf-&' '--with-target-subdir=nios2-elf' '--build=x86_64-unknown-cygwin' '--host=nios2-elf' '--target=nios2-elf' 'build_alias=x86_64-unknown-cygwin' 'host_alias=nios2-elf' 'target_alias=nios2-elf' 'CC=/cygdrive/c/Developer/fpga/ArrowESC/Cyclone10GX_Demo/software/Cyclone10GX_Demo_bsp/newlib-build-tmp/build-newlib-stage-wrapper nios2-elf-gcc -B/cygdrive/c/Developer/fpga/ArrowESC/Cyclone10GX_Demo/software/Cyclone10GX_Demo_bsp/newlib-build-tmp/smallc/nios2-elf/newlib/ -isystem /cygdrive/c/Developer/fpga/ArrowESC/Cyclone10GX_Demo/software/Cyclone10GX_Demo_bsp/newlib-build-tmp/smallc/nios2-elf/newlib/targ-include -isystem /cygdrive/c/intelfpga_pro/18.1/nios2eds/bin/gnu/src/newlib-2.5.0/newlib/libc/include -B/cygdrive/c/Developer/fpga/ArrowESC/Cyclone10GX_Demo/software/Cyclone10GX_Demo_bsp/newlib-build-tmp/smallc/nios2-elf/libgloss/nios2 -L/cygdrive/c/Developer/fpga/ArrowESC/Cyclone10GX_Demo/software/Cyclone10GX_Demo_bsp/newlib-build-tmp/smallc/nios2-elf/libgloss/libnosys -L/cygdrive/c/intelfpga_pro/18.1/nios2eds/bin/gnu/src/newlib-2.5.0/libgloss/nios2   ' 'CFLAGS=-g -Os -ffunction-sections -fdata-sections -mno-gpopt' 'LDFLAGS=' 'CPPFLAGS=' --cache-file=.././config.cache --srcdir=/cygdrive/c/intelfpga_pro/18.1/nios2eds/bin/gnu/src/newlib-2.5.0/newlib/libc
