This file contains any messages produced by compilers while
running configure, to aid debugging if configure makes a mistake.

It was created by newlib configure 2.5.0, which was
generated by GNU Autoconf 2.68.  Invocation command line was

  $ /cygdrive/c/intelfpga_pro/18.1/nios2eds/bin/gnu/src/newlib-2.5.0/newlib/libc/configure --disable-option-checking --prefix=/cygdrive/c/Developer/fpga/ArrowESC/Cyclone10GX_Demo/software/Cyclone10GX_Demo_bsp/newlib --with-newlib --with-cross-host=x86_64-unknown-cygwin --enable-multilib --enable-newlib-nano-malloc --program-transform-name=s&^&nios2-elf-& --with-target-subdir=nios2-elf --build=x86_64-unknown-cygwin --host=nios2-elf --target=nios2-elf build_alias=x86_64-unknown-cygwin host_alias=nios2-elf target_alias=nios2-elf CC=/cygdrive/c/Developer/fpga/ArrowESC/Cyclone10GX_Demo/software/Cyclone10GX_Demo_bsp/newlib-build-tmp/build-newlib-stage-wrapper nios2-elf-gcc -B/cygdrive/c/Developer/fpga/ArrowESC/Cyclone10GX_Demo/software/Cyclone10GX_Demo_bsp/newlib-build-tmp/smallc/nios2-elf/newlib/ -isystem /cygdrive/c/Developer/fpga/ArrowESC/Cyclone10GX_Demo/software/Cyclone10GX_Demo_bsp/newlib-build-tmp/smallc/nios2-elf/newlib/targ-include -isystem /cygdrive/c/intelfpga_pro/18.1/nios2eds/bin/gnu/src/newlib-2.5.0/newlib/libc/include -B/cygdrive/c/Developer/fpga/ArrowESC/Cyclone10GX_Demo/software/Cyclone10GX_Demo_bsp/newlib-build-tmp/smallc/nios2-elf/libgloss/nios2 -L/cygdrive/c/Developer/fpga/ArrowESC/Cyclone10GX_Demo/software/Cyclone10GX_Demo_bsp/newlib-build-tmp/smallc/nios2-elf/libgloss/libnosys -L/cygdrive/c/intelfpga_pro/18.1/nios2eds/bin/gnu/src/newlib-2.5.0/libgloss/nios2    CFLAGS=-g -Os -ffunction-sections -fdata-sections -mno-gpopt LDFLAGS= CPPFLAGS= --cache-file=.././config.cache --srcdir=/cygdrive/c/intelfpga_pro/18.1/nios2eds/bin/gnu/src/newlib-2.5.0/newlib/libc

## --------- ##
## Platform. ##
## --------- ##

hostname = PLL00202
uname -m = x86_64
uname -r = 2.11.2(0.329/5/3)
uname -s = CYGWIN_NT-10.0
uname -v = 2018-11-08 14:34

/usr/bin/uname -p = unknown
/bin/uname -X     = unknown

/bin/arch              = x86_64
/usr/bin/arch -k       = unknown
/usr/convex/getsysinfo = unknown
/usr/bin/hostinfo      = unknown
/bin/machine           = unknown
/usr/bin/oslevel       = unknown
/bin/universe          = unknown

PATH: /bin
PATH: /cygdrive/c/intelFPGA_pro/18.1/nios2eds/bin/gnu/H-x86_64-mingw32/bin


## ----------- ##
## Core tests. ##
## ----------- ##

configure:2103: loading cache .././config.cache
configure:2284: checking build system type
configure:2298: result: x86_64-unknown-cygwin
configure:2318: checking host system type
configure:2331: result: nios2-unknown-elf
configure:2367: checking for a BSD-compatible install
configure:2435: result: /bin/install -c
configure:2446: checking whether build environment is sane
configure:2496: result: yes
configure:2545: checking for nios2-elf-strip
configure:2572: result: nios2-elf-strip
configure:2637: checking for a thread-safe mkdir -p
configure:2676: result: /bin/mkdir -p
configure:2689: checking for gawk
configure:2716: result: gawk
configure:2727: checking whether make sets $(MAKE)
configure:2749: result: yes
configure:2779: checking for style of include used by make
configure:2807: result: GNU
configure:3017: checking for gcc
configure:3044: result: /cygdrive/c/Developer/fpga/ArrowESC/Cyclone10GX_Demo/software/Cyclone10GX_Demo_bsp/newlib-build-tmp/build-newlib-stage-wrapper nios2-elf-gcc -B/cygdrive/c/Developer/fpga/ArrowESC/Cyclone10GX_Demo/software/Cyclone10GX_Demo_bsp/newlib-build-tmp/smallc/nios2-elf/newlib/ -isystem /cygdrive/c/Developer/fpga/ArrowESC/Cyclone10GX_Demo/software/Cyclone10GX_Demo_bsp/newlib-build-tmp/smallc/nios2-elf/newlib/targ-include -isystem /cygdrive/c/intelfpga_pro/18.1/nios2eds/bin/gnu/src/newlib-2.5.0/newlib/libc/include -B/cygdrive/c/Developer/fpga/ArrowESC/Cyclone10GX_Demo/software/Cyclone10GX_Demo_bsp/newlib-build-tmp/smallc/nios2-elf/libgloss/nios2 -L/cygdrive/c/Developer/fpga/ArrowESC/Cyclone10GX_Demo/software/Cyclone10GX_Demo_bsp/newlib-build-tmp/smallc/nios2-elf/libgloss/libnosys -L/cygdrive/c/intelfpga_pro/18.1/nios2eds/bin/gnu/src/newlib-2.5.0/libgloss/nios2   
configure:3055: checking dependency style of /cygdrive/c/Developer/fpga/ArrowESC/Cyclone10GX_Demo/software/Cyclone10GX_Demo_bsp/newlib-build-tmp/build-newlib-stage-wrapper nios2-elf-gcc -B/cygdrive/c/Developer/fpga/ArrowESC/Cyclone10GX_Demo/software/Cyclone10GX_Demo_bsp/newlib-build-tmp/smallc/nios2-elf/newlib/ -isystem /cygdrive/c/Developer/fpga/ArrowESC/Cyclone10GX_Demo/software/Cyclone10GX_Demo_bsp/newlib-build-tmp/smallc/nios2-elf/newlib/targ-include -isystem /cygdrive/c/intelfpga_pro/18.1/nios2eds/bin/gnu/src/newlib-2.5.0/newlib/libc/include -B/cygdrive/c/Developer/fpga/ArrowESC/Cyclone10GX_Demo/software/Cyclone10GX_Demo_bsp/newlib-build-tmp/smallc/nios2-elf/libgloss/nios2 -L/cygdrive/c/Developer/fpga/ArrowESC/Cyclone10GX_Demo/software/Cyclone10GX_Demo_bsp/newlib-build-tmp/smallc/nios2-elf/libgloss/libnosys -L/cygdrive/c/intelfpga_pro/18.1/nios2eds/bin/gnu/src/newlib-2.5.0/libgloss/nios2   
configure:3166: result: gcc3
configure:3239: checking whether we are using GNU C
configure:3260: result: yes
configure:3269: checking whether /cygdrive/c/Developer/fpga/ArrowESC/Cyclone10GX_Demo/software/Cyclone10GX_Demo_bsp/newlib-build-tmp/build-newlib-stage-wrapper nios2-elf-gcc -B/cygdrive/c/Developer/fpga/ArrowESC/Cyclone10GX_Demo/software/Cyclone10GX_Demo_bsp/newlib-build-tmp/smallc/nios2-elf/newlib/ -isystem /cygdrive/c/Developer/fpga/ArrowESC/Cyclone10GX_Demo/software/Cyclone10GX_Demo_bsp/newlib-build-tmp/smallc/nios2-elf/newlib/targ-include -isystem /cygdrive/c/intelfpga_pro/18.1/nios2eds/bin/gnu/src/newlib-2.5.0/newlib/libc/include -B/cygdrive/c/Developer/fpga/ArrowESC/Cyclone10GX_Demo/software/Cyclone10GX_Demo_bsp/newlib-build-tmp/smallc/nios2-elf/libgloss/nios2 -L/cygdrive/c/Developer/fpga/ArrowESC/Cyclone10GX_Demo/software/Cyclone10GX_Demo_bsp/newlib-build-tmp/smallc/nios2-elf/libgloss/libnosys -L/cygdrive/c/intelfpga_pro/18.1/nios2eds/bin/gnu/src/newlib-2.5.0/libgloss/nios2    accepts -g
configure:3330: result: no
configure:3363: checking for nios2-elf-as
configure:3390: result: /cygdrive/c/Developer/fpga/ArrowESC/Cyclone10GX_Demo/software/Cyclone10GX_Demo_bsp/newlib-build-tmp/build-newlib-stage-wrapper nios2-elf-as
configure:3455: checking for nios2-elf-ar
configure:3482: result: /cygdrive/c/Developer/fpga/ArrowESC/Cyclone10GX_Demo/software/Cyclone10GX_Demo_bsp/newlib-build-tmp/build-newlib-stage-wrapper nios2-elf-ar
configure:3547: checking for nios2-elf-ranlib
configure:3574: result: /cygdrive/c/Developer/fpga/ArrowESC/Cyclone10GX_Demo/software/Cyclone10GX_Demo_bsp/newlib-build-tmp/build-newlib-stage-wrapper nios2-elf-ranlib
configure:3639: checking for nios2-elf-readelf
configure:3666: result: nios2-elf-readelf
configure:3735: checking whether to enable maintainer-specific portions of Makefiles
configure:3744: result: no
configure:3863: checking for a sed that does not truncate output
configure:3927: result: /bin/sed
configure:3949: checking how to print strings
configure:3976: result: printf
configure:12070: checking Checking long double support
configure:12094: result: yes
configure:12376: creating ./config.status

## ---------------------- ##
## Running config.status. ##
## ---------------------- ##

This file was extended by newlib config.status 2.5.0, which was
generated by GNU Autoconf 2.68.  Invocation command line was

  CONFIG_FILES    = 
  CONFIG_HEADERS  = 
  CONFIG_LINKS    = 
  CONFIG_COMMANDS = 
  $ ./config.status 

on PLL00202

config.status:1103: creating Makefile
config.status:1103: creating argz/Makefile
config.status:1103: creating ctype/Makefile
config.status:1103: creating errno/Makefile
config.status:1103: creating locale/Makefile
config.status:1103: creating misc/Makefile
config.status:1103: creating reent/Makefile
config.status:1103: creating search/Makefile
config.status:1103: creating stdio/Makefile
config.status:1103: creating stdio64/Makefile
config.status:1103: creating stdlib/Makefile
config.status:1103: creating string/Makefile
config.status:1103: creating time/Makefile
config.status:1103: creating posix/Makefile
config.status:1103: creating signal/Makefile
config.status:1103: creating syscalls/Makefile
config.status:1103: creating unix/Makefile
config.status:1103: creating iconv/Makefile
config.status:1103: creating iconv/ces/Makefile
config.status:1103: creating iconv/ccs/Makefile
config.status:1103: creating iconv/ccs/binary/Makefile
config.status:1103: creating iconv/lib/Makefile
config.status:1103: creating xdr/Makefile
config.status:1260: executing depfiles commands
configure:14517: === configuring in machine (/cygdrive/c/Developer/fpga/ArrowESC/Cyclone10GX_Demo/software/Cyclone10GX_Demo_bsp/newlib-build-tmp/smallc/nios2-elf/newlib/libc/machine)
configure:14580: running /bin/sh /cygdrive/c/intelfpga_pro/18.1/nios2eds/bin/gnu/src/newlib-2.5.0/newlib/libc/machine/configure --disable-option-checking '--prefix=/cygdrive/c/Developer/fpga/ArrowESC/Cyclone10GX_Demo/software/Cyclone10GX_Demo_bsp/newlib'  '--with-newlib' '--with-cross-host=x86_64-unknown-cygwin' '--enable-multilib' '--enable-newlib-nano-malloc' '--program-transform-name=s&^&nios2-elf-&' '--with-target-subdir=nios2-elf' '--build=x86_64-unknown-cygwin' '--host=nios2-elf' '--target=nios2-elf' 'build_alias=x86_64-unknown-cygwin' 'host_alias=nios2-elf' 'target_alias=nios2-elf' 'CC=/cygdrive/c/Developer/fpga/ArrowESC/Cyclone10GX_Demo/software/Cyclone10GX_Demo_bsp/newlib-build-tmp/build-newlib-stage-wrapper nios2-elf-gcc -B/cygdrive/c/Developer/fpga/ArrowESC/Cyclone10GX_Demo/software/Cyclone10GX_Demo_bsp/newlib-build-tmp/smallc/nios2-elf/newlib/ -isystem /cygdrive/c/Developer/fpga/ArrowESC/Cyclone10GX_Demo/software/Cyclone10GX_Demo_bsp/newlib-build-tmp/smallc/nios2-elf/newlib/targ-include -isystem /cygdrive/c/intelfpga_pro/18.1/nios2eds/bin/gnu/src/newlib-2.5.0/newlib/libc/include -B/cygdrive/c/Developer/fpga/ArrowESC/Cyclone10GX_Demo/software/Cyclone10GX_Demo_bsp/newlib-build-tmp/smallc/nios2-elf/libgloss/nios2 -L/cygdrive/c/Developer/fpga/ArrowESC/Cyclone10GX_Demo/software/Cyclone10GX_Demo_bsp/newlib-build-tmp/smallc/nios2-elf/libgloss/libnosys -L/cygdrive/c/intelfpga_pro/18.1/nios2eds/bin/gnu/src/newlib-2.5.0/libgloss/nios2   ' 'CFLAGS=-g -Os -ffunction-sections -fdata-sections -mno-gpopt' 'LDFLAGS=' 'CPPFLAGS=' --cache-file=../.././config.cache --srcdir=/cygdrive/c/intelfpga_pro/18.1/nios2eds/bin/gnu/src/newlib-2.5.0/newlib/libc/machine
configure:14517: === configuring in sys (/cygdrive/c/Developer/fpga/ArrowESC/Cyclone10GX_Demo/software/Cyclone10GX_Demo_bsp/newlib-build-tmp/smallc/nios2-elf/newlib/libc/sys)
configure:14580: running /bin/sh /cygdrive/c/intelfpga_pro/18.1/nios2eds/bin/gnu/src/newlib-2.5.0/newlib/libc/sys/configure --disable-option-checking '--prefix=/cygdrive/c/Developer/fpga/ArrowESC/Cyclone10GX_Demo/software/Cyclone10GX_Demo_bsp/newlib'  '--with-newlib' '--with-cross-host=x86_64-unknown-cygwin' '--enable-multilib' '--enable-newlib-nano-malloc' '--program-transform-name=s&^&nios2-elf-&' '--with-target-subdir=nios2-elf' '--build=x86_64-unknown-cygwin' '--host=nios2-elf' '--target=nios2-elf' 'build_alias=x86_64-unknown-cygwin' 'host_alias=nios2-elf' 'target_alias=nios2-elf' 'CC=/cygdrive/c/Developer/fpga/ArrowESC/Cyclone10GX_Demo/software/Cyclone10GX_Demo_bsp/newlib-build-tmp/build-newlib-stage-wrapper nios2-elf-gcc -B/cygdrive/c/Developer/fpga/ArrowESC/Cyclone10GX_Demo/software/Cyclone10GX_Demo_bsp/newlib-build-tmp/smallc/nios2-elf/newlib/ -isystem /cygdrive/c/Developer/fpga/ArrowESC/Cyclone10GX_Demo/software/Cyclone10GX_Demo_bsp/newlib-build-tmp/smallc/nios2-elf/newlib/targ-include -isystem /cygdrive/c/intelfpga_pro/18.1/nios2eds/bin/gnu/src/newlib-2.5.0/newlib/libc/include -B/cygdrive/c/Developer/fpga/ArrowESC/Cyclone10GX_Demo/software/Cyclone10GX_Demo_bsp/newlib-build-tmp/smallc/nios2-elf/libgloss/nios2 -L/cygdrive/c/Developer/fpga/ArrowESC/Cyclone10GX_Demo/software/Cyclone10GX_Demo_bsp/newlib-build-tmp/smallc/nios2-elf/libgloss/libnosys -L/cygdrive/c/intelfpga_pro/18.1/nios2eds/bin/gnu/src/newlib-2.5.0/libgloss/nios2   ' 'CFLAGS=-g -Os -ffunction-sections -fdata-sections -mno-gpopt' 'LDFLAGS=' 'CPPFLAGS=' --cache-file=../.././config.cache --srcdir=/cygdrive/c/intelfpga_pro/18.1/nios2eds/bin/gnu/src/newlib-2.5.0/newlib/libc/sys
