Info: Generated by version: 18.1.2 build 277
Info: Starting: Create block symbol file (.bsf)
Info: qsys-generate C:\Developer\fpga\ArrowESC\Cyclone10GX_Demo\ip\mcu_subsystem\mcu_subsystem_generic_quad_spi_controller2_0.ip --block-symbol-file --output-directory=C:\Developer\fpga\ArrowESC\Cyclone10GX_Demo\ip\mcu_subsystem\mcu_subsystem_generic_quad_spi_controller2_0 --family="Cyclone 10 GX" --part=10CX220YF780I5G
Info: qsys-generate succeeded.
Info: Finished: Create block symbol file (.bsf)
Info: 
Info: Starting: Create HDL design files for synthesis
Info: qsys-generate C:\Developer\fpga\ArrowESC\Cyclone10GX_Demo\ip\mcu_subsystem\mcu_subsystem_generic_quad_spi_controller2_0.ip --synthesis=VERILOG --output-directory=C:\Developer\fpga\ArrowESC\Cyclone10GX_Demo\ip\mcu_subsystem\mcu_subsystem_generic_quad_spi_controller2_0 --family="Cyclone 10 GX" --part=10CX220YF780I5G
Info: mcu_subsystem_generic_quad_spi_controller2_0: "Transforming system: mcu_subsystem_generic_quad_spi_controller2_0"
Info: mcu_subsystem_generic_quad_spi_controller2_0: "Naming system components in system: mcu_subsystem_generic_quad_spi_controller2_0"
Info: mcu_subsystem_generic_quad_spi_controller2_0: "Processing generation queue"
Info: mcu_subsystem_generic_quad_spi_controller2_0: "Generating: mcu_subsystem_generic_quad_spi_controller2_0"
Info: mcu_subsystem_generic_quad_spi_controller2_0: "Generating: mcu_subsystem_generic_quad_spi_controller2_0_altera_generic_quad_spi_controller2_181_5xz3lbq"
Info: mcu_subsystem_generic_quad_spi_controller2_0: "Generating: mcu_subsystem_generic_quad_spi_controller2_0_altera_asmi_parallel2_181_jbbczgq"
Info: mcu_subsystem_generic_quad_spi_controller2_0: "Generating: altera_qspi_address_adaption"
Info: mcu_subsystem_generic_quad_spi_controller2_0: "Generating: mcu_subsystem_generic_quad_spi_controller2_0_altera_asmi2_csr_controller_181_spl33la"
Info: mcu_subsystem_generic_quad_spi_controller2_0: "Generating: altera_asmi2_xip_controller"
Info: avst_fifo: "Generating: avst_fifo"
Info: mcu_subsystem_generic_quad_spi_controller2_0: "Generating: mcu_subsystem_generic_quad_spi_controller2_0_altera_merlin_demultiplexer_181_hnib7fa"
Info: mcu_subsystem_generic_quad_spi_controller2_0: "Generating: mcu_subsystem_generic_quad_spi_controller2_0_altera_merlin_multiplexer_181_x7wtypi"
Info: mcu_subsystem_generic_quad_spi_controller2_0: "Generating: altera_asmi2_cmd_generator"
Info: mcu_subsystem_generic_quad_spi_controller2_0: "Generating: mcu_subsystem_generic_quad_spi_controller2_0_altera_asmi2_qspi_interface_181_zs4wdmq"
Info: mcu_subsystem_generic_quad_spi_controller2_0: "Generating: altera_reset_controller"
Info: mcu_subsystem_generic_quad_spi_controller2_0: "Generating: avst_fifo"
Info: mcu_subsystem_generic_quad_spi_controller2_0: "Generating: mcu_subsystem_generic_quad_spi_controller2_0_altera_avalon_sc_fifo_181_oywqgnq"
Info: mcu_subsystem_generic_quad_spi_controller2_0: Done "mcu_subsystem_generic_quad_spi_controller2_0" with 13 modules, 19 files
Info: qsys-generate succeeded.
Info: Finished: Create HDL design files for synthesis
