Info: Generated by version: 18.1.2 build 277
Info: Starting: Create block symbol file (.bsf)
Info: qsys-generate C:\Git\ArrowESC\Cyclone10GX_Rev2_Demo\ip\ethernet\dma_tx.ip --block-symbol-file --output-directory=C:\Git\ArrowESC\Cyclone10GX_Rev2_Demo\ip\ethernet\dma_tx --family="Cyclone 10 GX" --part=10CX220YF780I5G
Warning: dma_tx.dma_tx.read_mstr_internal: You have selected programmable burst support but the maximum programmable burst count size is 128.  If you re-program the burst count you will be limited to bursts of up to 128 beats.
Info: qsys-generate succeeded.
Info: Finished: Create block symbol file (.bsf)
Info: 
Info: Starting: Create HDL design files for synthesis
Info: qsys-generate C:\Git\ArrowESC\Cyclone10GX_Rev2_Demo\ip\ethernet\dma_tx.ip --synthesis=VERILOG --output-directory=C:\Git\ArrowESC\Cyclone10GX_Rev2_Demo\ip\ethernet\dma_tx --family="Cyclone 10 GX" --part=10CX220YF780I5G
Warning: dma_tx.dma_tx.read_mstr_internal: You have selected programmable burst support but the maximum programmable burst count size is 128.  If you re-program the burst count you will be limited to bursts of up to 128 beats.
Info: dma_tx: "Transforming system: dma_tx"
Info: dma_tx: "Naming system components in system: dma_tx"
Info: dma_tx: "Processing generation queue"
Info: dma_tx: "Generating: dma_tx"
Info: dma_tx: "Generating: dma_tx_altera_msgdma_181_kckrdxy"
Info: dma_tx: "Generating: dispatcher"
Info: dma_tx: "Generating: read_master"
Info: dma_tx: Done "dma_tx" with 4 modules, 12 files
Info: qsys-generate succeeded.
Info: Finished: Create HDL design files for synthesis
