Flow report for Cyclone10GX_SoM_MAX10
Sun Jul 28 01:20:19 2019
Quartus Prime Version 18.1.0 Build 625 09/12/2018 SJ Standard Edition


---------------------
; Table of Contents ;
---------------------
  1. Legal Notice
  2. Flow Summary
  3. Flow Settings
  4. Flow Non-Default Global Settings
  5. Flow Elapsed Time
  6. Flow OS Summary
  7. Flow Log
  8. Flow Messages
  9. Flow Suppressed Messages



----------------
; Legal Notice ;
----------------
Copyright (C) 2018  Intel Corporation. All rights reserved.
Your use of Intel Corporation's design tools, logic functions 
and other software and tools, and its AMPP partner logic 
functions, and any output files from any of the foregoing 
(including device programming or simulation files), and any 
associated documentation or information are expressly subject 
to the terms and conditions of the Intel Program License 
Subscription Agreement, the Intel Quartus Prime License Agreement,
the Intel FPGA IP License Agreement, or other applicable license
agreement, including, without limitation, that your use is for
the sole purpose of programming logic devices manufactured by
Intel and sold by Intel or its authorized distributors.  Please
refer to the applicable agreement for further details.



+--------------------------------------------------------------------------------------+
; Flow Summary                                                                         ;
+------------------------------------+-------------------------------------------------+
; Flow Status                        ; Successful - Sun Jul 28 01:20:14 2019           ;
; Quartus Prime Version              ; 18.1.0 Build 625 09/12/2018 SJ Standard Edition ;
; Revision Name                      ; Cyclone10GX_SoM_MAX10                           ;
; Top-level Entity Name              ; top                                             ;
; Family                             ; MAX 10                                          ;
; Device                             ; 10M08SAU169C8G                                  ;
; Timing Models                      ; Final                                           ;
; Total logic elements               ; 2,167 / 8,064 ( 27 % )                          ;
;     Total combinational functions  ; 2,018 / 8,064 ( 25 % )                          ;
;     Dedicated logic registers      ; 1,163 / 8,064 ( 14 % )                          ;
; Total registers                    ; 1163                                            ;
; Total pins                         ; 45 / 130 ( 35 % )                               ;
; Total virtual pins                 ; 0                                               ;
; Total memory bits                  ; 273,480 / 387,072 ( 71 % )                      ;
; Embedded Multiplier 9-bit elements ; 0 / 48 ( 0 % )                                  ;
; Total PLLs                         ; 0 / 1 ( 0 % )                                   ;
; UFM blocks                         ; 0 / 1 ( 0 % )                                   ;
; ADC blocks                         ; 0 / 1 ( 0 % )                                   ;
+------------------------------------+-------------------------------------------------+


+-------------------------------------------+
; Flow Settings                             ;
+-------------------+-----------------------+
; Option            ; Setting               ;
+-------------------+-----------------------+
; Start date & time ; 07/28/2019 01:18:14   ;
; Main task         ; Compilation           ;
; Revision Name     ; Cyclone10GX_SoM_MAX10 ;
+-------------------+-----------------------+


+---------------------------------------------------------------------------------------------------------------------------------+
; Flow Non-Default Global Settings                                                                                                ;
+-------------------------------------+----------------------------------------+-----------------------+-------------+------------+
; Assignment Name                     ; Value                                  ; Default Value         ; Entity Name ; Section Id ;
+-------------------------------------+----------------------------------------+-----------------------+-------------+------------+
; COMPILER_SIGNATURE_ID               ; 2543711158273.156426949315104          ; --                    ; --          ; --         ;
; FLOW_ENABLE_POWER_ANALYZER          ; On                                     ; Off                   ; --          ; --         ;
; MAX_CORE_JUNCTION_TEMP              ; 85                                     ; --                    ; --          ; --         ;
; MIN_CORE_JUNCTION_TEMP              ; 0                                      ; --                    ; --          ; --         ;
; OUTPUT_IO_TIMING_FAR_END_VMEAS      ; Half Signal Swing                      ; --                    ; --          ; --         ;
; OUTPUT_IO_TIMING_FAR_END_VMEAS      ; Half Signal Swing                      ; --                    ; --          ; --         ;
; OUTPUT_IO_TIMING_NEAR_END_VMEAS     ; Half Vccio                             ; --                    ; --          ; --         ;
; OUTPUT_IO_TIMING_NEAR_END_VMEAS     ; Half Vccio                             ; --                    ; --          ; --         ;
; PARTITION_COLOR                     ; -- (Not supported for targeted family) ; --                    ; top         ; Top        ;
; PARTITION_FITTER_PRESERVATION_LEVEL ; -- (Not supported for targeted family) ; --                    ; top         ; Top        ;
; PARTITION_NETLIST_TYPE              ; -- (Not supported for targeted family) ; --                    ; top         ; Top        ;
; POWER_BOARD_THERMAL_MODEL           ; None (CONSERVATIVE)                    ; --                    ; --          ; --         ;
; POWER_DEFAULT_INPUT_IO_TOGGLE_RATE  ; 12.5 %                                 ; 12.5%                 ; --          ; --         ;
; POWER_PRESET_COOLING_SOLUTION       ; 23 MM HEAT SINK WITH 200 LFPM AIRFLOW  ; --                    ; --          ; --         ;
; PROJECT_OUTPUT_DIRECTORY            ; output_files                           ; --                    ; --          ; --         ;
; TOP_LEVEL_ENTITY                    ; top                                    ; Cyclone10GX_SoM_MAX10 ; --          ; --         ;
+-------------------------------------+----------------------------------------+-----------------------+-------------+------------+


+--------------------------------------------------------------------------------------------------------------------------+
; Flow Elapsed Time                                                                                                        ;
+----------------------+--------------+-------------------------+---------------------+------------------------------------+
; Module Name          ; Elapsed Time ; Average Processors Used ; Peak Virtual Memory ; Total CPU Time (on all processors) ;
+----------------------+--------------+-------------------------+---------------------+------------------------------------+
; Analysis & Synthesis ; 00:01:32     ; 1.0                     ; 820 MB              ; 00:02:03                           ;
; Fitter               ; 00:00:16     ; 1.3                     ; 1584 MB             ; 00:00:21                           ;
; Assembler            ; 00:00:01     ; 1.0                     ; 616 MB              ; 00:00:02                           ;
; Power Analyzer       ; 00:00:04     ; 1.6                     ; 779 MB              ; 00:00:06                           ;
; Timing Analyzer      ; 00:00:04     ; 1.7                     ; 747 MB              ; 00:00:06                           ;
; Total                ; 00:01:57     ; --                      ; --                  ; 00:02:38                           ;
+----------------------+--------------+-------------------------+---------------------+------------------------------------+


+------------------------------------------------------------------------------------+
; Flow OS Summary                                                                    ;
+----------------------+------------------+------------+------------+----------------+
; Module Name          ; Machine Hostname ; OS Name    ; OS Version ; Processor type ;
+----------------------+------------------+------------+------------+----------------+
; Analysis & Synthesis ; PLL00202         ; Windows 10 ; 10.0       ; x86_64         ;
; Fitter               ; PLL00202         ; Windows 10 ; 10.0       ; x86_64         ;
; Assembler            ; PLL00202         ; Windows 10 ; 10.0       ; x86_64         ;
; Power Analyzer       ; PLL00202         ; Windows 10 ; 10.0       ; x86_64         ;
; Timing Analyzer      ; PLL00202         ; Windows 10 ; 10.0       ; x86_64         ;
+----------------------+------------------+------------+------------+----------------+


------------
; Flow Log ;
------------
quartus_map --read_settings_files=on --write_settings_files=off Cyclone10GX_SoM_MAX10 -c Cyclone10GX_SoM_MAX10
quartus_fit --read_settings_files=off --write_settings_files=off Cyclone10GX_SoM_MAX10 -c Cyclone10GX_SoM_MAX10
quartus_asm --read_settings_files=off --write_settings_files=off Cyclone10GX_SoM_MAX10 -c Cyclone10GX_SoM_MAX10
quartus_pow --read_settings_files=off --write_settings_files=off Cyclone10GX_SoM_MAX10 -c Cyclone10GX_SoM_MAX10
quartus_sta Cyclone10GX_SoM_MAX10 -c Cyclone10GX_SoM_MAX10



