Info: Generated by version: 18.1.2 build 277
Info: Starting: Create block symbol file (.bsf)
Info: qsys-generate C:\Git\ArrowESC\Cyclone10GX_Rev2_Demo\ip\mcu_subsystem\ad9680_fifo.ip --block-symbol-file --output-directory=C:\Git\ArrowESC\Cyclone10GX_Rev2_Demo\ip\mcu_subsystem\ad9680_fifo --family="Cyclone 10 GX" --part=10CX220YF780I5G
Info: qsys-generate succeeded.
Info: Finished: Create block symbol file (.bsf)
Info: 
Info: Starting: Create HDL design files for synthesis
Info: qsys-generate C:\Git\ArrowESC\Cyclone10GX_Rev2_Demo\ip\mcu_subsystem\ad9680_fifo.ip --synthesis=VERILOG --output-directory=C:\Git\ArrowESC\Cyclone10GX_Rev2_Demo\ip\mcu_subsystem\ad9680_fifo --family="Cyclone 10 GX" --part=10CX220YF780I5G
: ad9680_fifo.alt_mem_asym.alt_mem: Targeting device family: Cyclone 10 GX.
: ad9680_fifo.alt_mem_asym.alt_mem: 'q_a' output bus width will be ignored while using one read port and one write port mode.
: ad9680_fifo.alt_mem_asym.alt_mem: Tab Output1 is unavailable while using 'Dual clock: use separate read and write clocks'. Defaulted to Don't care.
: ad9680_fifo.alt_mem_asym.alt_mem: Tab Output2 is unavailable while using one read port and one write port.
Info: ad9680_fifo: "Transforming system: ad9680_fifo"
Info: ad9680_fifo: "Naming system components in system: ad9680_fifo"
Info: ad9680_fifo: "Processing generation queue"
Info: ad9680_fifo: "Generating: ad9680_fifo"
Info: ad9680_fifo: "Generating: util_adcfifo"
Info: alt_mem_asym: "Generating: alt_mem_asym"
Info: ad9680_fifo: "Generating: alt_mem_asym"
Info: ad9680_fifo: "Generating: ad9680_fifo_alt_mem_asym_10_ngt5uda"
Info: ad9680_fifo: "Generating: ad9680_fifo_ram_2port_181_5dibq2a"
Info: ad9680_fifo: Done "ad9680_fifo" with 5 modules, 8 files
Info: qsys-generate succeeded.
Info: Finished: Create HDL design files for synthesis
