Info: Generated by version: 18.1.2 build 277
Info: Starting: Create block symbol file (.bsf)
Info: qsys-generate C:\Developer\fpga\ArrowESC\Cyclone10GX_Demo\ip\mcu_subsystem\mcu_subsystem_pio_1.ip --block-symbol-file --output-directory=C:\Developer\fpga\ArrowESC\Cyclone10GX_Demo\ip\mcu_subsystem\mcu_subsystem_pio_1 --family="Cyclone 10 GX" --part=10CX220YF780I5G
Info: mcu_subsystem_pio_1.pio_1: PIO inputs are not hardwired in test bench. Undefined values will be read from PIO inputs during simulation.
Info: qsys-generate succeeded.
Info: Finished: Create block symbol file (.bsf)
Info: 
Info: Starting: Create HDL design files for synthesis
Info: qsys-generate C:\Developer\fpga\ArrowESC\Cyclone10GX_Demo\ip\mcu_subsystem\mcu_subsystem_pio_1.ip --synthesis=VERILOG --output-directory=C:\Developer\fpga\ArrowESC\Cyclone10GX_Demo\ip\mcu_subsystem\mcu_subsystem_pio_1 --family="Cyclone 10 GX" --part=10CX220YF780I5G
Info: mcu_subsystem_pio_1.pio_1: PIO inputs are not hardwired in test bench. Undefined values will be read from PIO inputs during simulation.
Info: mcu_subsystem_pio_1: "Transforming system: mcu_subsystem_pio_1"
Info: mcu_subsystem_pio_1: "Naming system components in system: mcu_subsystem_pio_1"
Info: mcu_subsystem_pio_1: "Processing generation queue"
Info: mcu_subsystem_pio_1: "Generating: mcu_subsystem_pio_1"
Info: mcu_subsystem_pio_1: "Generating: mcu_subsystem_pio_1_altera_avalon_pio_181_hjvv2zy"
Info: pio_1: Starting RTL generation for module 'mcu_subsystem_pio_1_altera_avalon_pio_181_hjvv2zy'
Info: pio_1:   Generation command is [exec C:/intelFPGA_pro/18.1/quartus/bin64/perl/bin/perl.exe -I C:/intelFPGA_pro/18.1/quartus/bin64/perl/lib -I C:/intelFPGA_pro/18.1/quartus/sopc_builder/bin/europa -I C:/intelFPGA_pro/18.1/quartus/sopc_builder/bin/perl_lib -I C:/intelFPGA_pro/18.1/quartus/sopc_builder/bin -I C:/intelFPGA_pro/18.1/quartus/../ip/altera/sopc_builder_ip/common -I C:/intelFPGA_pro/18.1/quartus/../ip/altera/sopc_builder_ip/altera_avalon_pio -- C:/intelFPGA_pro/18.1/quartus/../ip/altera/sopc_builder_ip/altera_avalon_pio/generate_rtl.pl --name=mcu_subsystem_pio_1_altera_avalon_pio_181_hjvv2zy --dir=C:/Users/a90282/AppData/Local/Temp/1/alt8098_6781536698313456606.dir/0027_pio_1_gen/ --quartus_dir=C:/intelFPGA_pro/18.1/quartus --verilog --config=C:/Users/a90282/AppData/Local/Temp/1/alt8098_6781536698313456606.dir/0027_pio_1_gen//mcu_subsystem_pio_1_altera_avalon_pio_181_hjvv2zy_component_configuration.pl  --do_build_sim=0  ]
Info: pio_1: Done RTL generation for module 'mcu_subsystem_pio_1_altera_avalon_pio_181_hjvv2zy'
Info: mcu_subsystem_pio_1: Done "mcu_subsystem_pio_1" with 2 modules, 2 files
Info: qsys-generate succeeded.
Info: Finished: Create HDL design files for synthesis
