This file contains any messages produced by compilers while
running configure, to aid debugging if configure makes a mistake.

It was created by newlib configure 2.5.0, which was
generated by GNU Autoconf 2.68.  Invocation command line was

  $ /cygdrive/c/intelfpga_pro/18.1/nios2eds/bin/gnu/src/newlib-2.5.0/newlib/libc/machine/configure --disable-option-checking --prefix=/cygdrive/c/Developer/fpga/ArrowESC/Cyclone10GX_Demo/software/Cyclone10GX_Demo_bsp/newlib --with-newlib --with-cross-host=x86_64-unknown-cygwin --enable-multilib --enable-newlib-nano-malloc --program-transform-name=s&^&nios2-elf-& --with-target-subdir=nios2-elf --build=x86_64-unknown-cygwin --host=nios2-elf --target=nios2-elf build_alias=x86_64-unknown-cygwin host_alias=nios2-elf target_alias=nios2-elf CC=/cygdrive/c/Developer/fpga/ArrowESC/Cyclone10GX_Demo/software/Cyclone10GX_Demo_bsp/newlib-build-tmp/build-newlib-stage-wrapper nios2-elf-gcc -B/cygdrive/c/Developer/fpga/ArrowESC/Cyclone10GX_Demo/software/Cyclone10GX_Demo_bsp/newlib-build-tmp/smallc/nios2-elf/newlib/ -isystem /cygdrive/c/Developer/fpga/ArrowESC/Cyclone10GX_Demo/software/Cyclone10GX_Demo_bsp/newlib-build-tmp/smallc/nios2-elf/newlib/targ-include -isystem /cygdrive/c/intelfpga_pro/18.1/nios2eds/bin/gnu/src/newlib-2.5.0/newlib/libc/include -B/cygdrive/c/Developer/fpga/ArrowESC/Cyclone10GX_Demo/software/Cyclone10GX_Demo_bsp/newlib-build-tmp/smallc/nios2-elf/libgloss/nios2 -L/cygdrive/c/Developer/fpga/ArrowESC/Cyclone10GX_Demo/software/Cyclone10GX_Demo_bsp/newlib-build-tmp/smallc/nios2-elf/libgloss/libnosys -L/cygdrive/c/intelfpga_pro/18.1/nios2eds/bin/gnu/src/newlib-2.5.0/libgloss/nios2    CFLAGS=-g -Os -ffunction-sections -fdata-sections -mno-gpopt LDFLAGS= CPPFLAGS= --cache-file=../.././config.cache --srcdir=/cygdrive/c/intelfpga_pro/18.1/nios2eds/bin/gnu/src/newlib-2.5.0/newlib/libc/machine

## --------- ##
## Platform. ##
## --------- ##

hostname = PLL00202
uname -m = x86_64
uname -r = 2.11.2(0.329/5/3)
uname -s = CYGWIN_NT-10.0
uname -v = 2018-11-08 14:34

/usr/bin/uname -p = unknown
/bin/uname -X     = unknown

/bin/arch              = x86_64
/usr/bin/arch -k       = unknown
/usr/convex/getsysinfo = unknown
/usr/bin/hostinfo      = unknown
/bin/machine           = unknown
/usr/bin/oslevel       = unknown
/bin/universe          = unknown

PATH: /bin
PATH: /cygdrive/c/intelFPGA_pro/18.1/nios2eds/bin/gnu/H-x86_64-mingw32/bin


## ----------- ##
## Core tests. ##
## ----------- ##

configure:2109: loading cache ../.././config.cache
configure:2227: checking build system type
configure:2241: result: x86_64-unknown-cygwin
configure:2261: checking host system type
configure:2274: result: nios2-unknown-elf
configure:2310: checking for a BSD-compatible install
configure:2378: result: /bin/install -c
configure:2389: checking whether build environment is sane
configure:2439: result: yes
configure:2488: checking for nios2-elf-strip
configure:2515: result: nios2-elf-strip
configure:2580: checking for a thread-safe mkdir -p
configure:2619: result: /bin/mkdir -p
configure:2632: checking for gawk
configure:2659: result: gawk
configure:2670: checking whether make sets $(MAKE)
configure:2692: result: yes
configure:2722: checking for style of include used by make
configure:2750: result: GNU
configure:2960: checking for gcc
configure:2987: result: /cygdrive/c/Developer/fpga/ArrowESC/Cyclone10GX_Demo/software/Cyclone10GX_Demo_bsp/newlib-build-tmp/build-newlib-stage-wrapper nios2-elf-gcc -B/cygdrive/c/Developer/fpga/ArrowESC/Cyclone10GX_Demo/software/Cyclone10GX_Demo_bsp/newlib-build-tmp/smallc/nios2-elf/newlib/ -isystem /cygdrive/c/Developer/fpga/ArrowESC/Cyclone10GX_Demo/software/Cyclone10GX_Demo_bsp/newlib-build-tmp/smallc/nios2-elf/newlib/targ-include -isystem /cygdrive/c/intelfpga_pro/18.1/nios2eds/bin/gnu/src/newlib-2.5.0/newlib/libc/include -B/cygdrive/c/Developer/fpga/ArrowESC/Cyclone10GX_Demo/software/Cyclone10GX_Demo_bsp/newlib-build-tmp/smallc/nios2-elf/libgloss/nios2 -L/cygdrive/c/Developer/fpga/ArrowESC/Cyclone10GX_Demo/software/Cyclone10GX_Demo_bsp/newlib-build-tmp/smallc/nios2-elf/libgloss/libnosys -L/cygdrive/c/intelfpga_pro/18.1/nios2eds/bin/gnu/src/newlib-2.5.0/libgloss/nios2   
configure:2998: checking dependency style of /cygdrive/c/Developer/fpga/ArrowESC/Cyclone10GX_Demo/software/Cyclone10GX_Demo_bsp/newlib-build-tmp/build-newlib-stage-wrapper nios2-elf-gcc -B/cygdrive/c/Developer/fpga/ArrowESC/Cyclone10GX_Demo/software/Cyclone10GX_Demo_bsp/newlib-build-tmp/smallc/nios2-elf/newlib/ -isystem /cygdrive/c/Developer/fpga/ArrowESC/Cyclone10GX_Demo/software/Cyclone10GX_Demo_bsp/newlib-build-tmp/smallc/nios2-elf/newlib/targ-include -isystem /cygdrive/c/intelfpga_pro/18.1/nios2eds/bin/gnu/src/newlib-2.5.0/newlib/libc/include -B/cygdrive/c/Developer/fpga/ArrowESC/Cyclone10GX_Demo/software/Cyclone10GX_Demo_bsp/newlib-build-tmp/smallc/nios2-elf/libgloss/nios2 -L/cygdrive/c/Developer/fpga/ArrowESC/Cyclone10GX_Demo/software/Cyclone10GX_Demo_bsp/newlib-build-tmp/smallc/nios2-elf/libgloss/libnosys -L/cygdrive/c/intelfpga_pro/18.1/nios2eds/bin/gnu/src/newlib-2.5.0/libgloss/nios2   
configure:3109: result: gcc3
configure:3182: checking whether we are using GNU C
configure:3203: result: yes
configure:3212: checking whether /cygdrive/c/Developer/fpga/ArrowESC/Cyclone10GX_Demo/software/Cyclone10GX_Demo_bsp/newlib-build-tmp/build-newlib-stage-wrapper nios2-elf-gcc -B/cygdrive/c/Developer/fpga/ArrowESC/Cyclone10GX_Demo/software/Cyclone10GX_Demo_bsp/newlib-build-tmp/smallc/nios2-elf/newlib/ -isystem /cygdrive/c/Developer/fpga/ArrowESC/Cyclone10GX_Demo/software/Cyclone10GX_Demo_bsp/newlib-build-tmp/smallc/nios2-elf/newlib/targ-include -isystem /cygdrive/c/intelfpga_pro/18.1/nios2eds/bin/gnu/src/newlib-2.5.0/newlib/libc/include -B/cygdrive/c/Developer/fpga/ArrowESC/Cyclone10GX_Demo/software/Cyclone10GX_Demo_bsp/newlib-build-tmp/smallc/nios2-elf/libgloss/nios2 -L/cygdrive/c/Developer/fpga/ArrowESC/Cyclone10GX_Demo/software/Cyclone10GX_Demo_bsp/newlib-build-tmp/smallc/nios2-elf/libgloss/libnosys -L/cygdrive/c/intelfpga_pro/18.1/nios2eds/bin/gnu/src/newlib-2.5.0/libgloss/nios2    accepts -g
configure:3273: result: no
configure:3306: checking for nios2-elf-as
configure:3333: result: /cygdrive/c/Developer/fpga/ArrowESC/Cyclone10GX_Demo/software/Cyclone10GX_Demo_bsp/newlib-build-tmp/build-newlib-stage-wrapper nios2-elf-as
configure:3398: checking for nios2-elf-ar
configure:3425: result: /cygdrive/c/Developer/fpga/ArrowESC/Cyclone10GX_Demo/software/Cyclone10GX_Demo_bsp/newlib-build-tmp/build-newlib-stage-wrapper nios2-elf-ar
configure:3490: checking for nios2-elf-ranlib
configure:3517: result: /cygdrive/c/Developer/fpga/ArrowESC/Cyclone10GX_Demo/software/Cyclone10GX_Demo_bsp/newlib-build-tmp/build-newlib-stage-wrapper nios2-elf-ranlib
configure:3582: checking for nios2-elf-readelf
configure:3609: result: nios2-elf-readelf
configure:3678: checking whether to enable maintainer-specific portions of Makefiles
configure:3687: result: no
configure:3797: checking for a sed that does not truncate output
configure:3861: result: /bin/sed
configure:3883: checking how to print strings
configure:3910: result: printf
configure:12165: creating ./config.status

## ---------------------- ##
## Running config.status. ##
## ---------------------- ##

This file was extended by newlib config.status 2.5.0, which was
generated by GNU Autoconf 2.68.  Invocation command line was

  CONFIG_FILES    = 
  CONFIG_HEADERS  = 
  CONFIG_LINKS    = 
  CONFIG_COMMANDS = 
  $ ./config.status 

on PLL00202

config.status:1041: creating Makefile
config.status:1198: executing depfiles commands
configure:14284: === configuring in nios2 (/cygdrive/c/Developer/fpga/ArrowESC/Cyclone10GX_Demo/software/Cyclone10GX_Demo_bsp/newlib-build-tmp/smallc/nios2-elf/newlib/libc/machine/nios2)
configure:14347: running /bin/sh /cygdrive/c/intelfpga_pro/18.1/nios2eds/bin/gnu/src/newlib-2.5.0/newlib/libc/machine/nios2/configure --disable-option-checking '--prefix=/cygdrive/c/Developer/fpga/ArrowESC/Cyclone10GX_Demo/software/Cyclone10GX_Demo_bsp/newlib'  '--with-newlib' '--with-cross-host=x86_64-unknown-cygwin' '--enable-multilib' '--enable-newlib-nano-malloc' '--program-transform-name=s&^&nios2-elf-&' '--with-target-subdir=nios2-elf' '--build=x86_64-unknown-cygwin' '--host=nios2-elf' '--target=nios2-elf' 'build_alias=x86_64-unknown-cygwin' 'host_alias=nios2-elf' 'target_alias=nios2-elf' 'CC=/cygdrive/c/Developer/fpga/ArrowESC/Cyclone10GX_Demo/software/Cyclone10GX_Demo_bsp/newlib-build-tmp/build-newlib-stage-wrapper nios2-elf-gcc -B/cygdrive/c/Developer/fpga/ArrowESC/Cyclone10GX_Demo/software/Cyclone10GX_Demo_bsp/newlib-build-tmp/smallc/nios2-elf/newlib/ -isystem /cygdrive/c/Developer/fpga/ArrowESC/Cyclone10GX_Demo/software/Cyclone10GX_Demo_bsp/newlib-build-tmp/smallc/nios2-elf/newlib/targ-include -isystem /cygdrive/c/intelfpga_pro/18.1/nios2eds/bin/gnu/src/newlib-2.5.0/newlib/libc/include -B/cygdrive/c/Developer/fpga/ArrowESC/Cyclone10GX_Demo/software/Cyclone10GX_Demo_bsp/newlib-build-tmp/smallc/nios2-elf/libgloss/nios2 -L/cygdrive/c/Developer/fpga/ArrowESC/Cyclone10GX_Demo/software/Cyclone10GX_Demo_bsp/newlib-build-tmp/smallc/nios2-elf/libgloss/libnosys -L/cygdrive/c/intelfpga_pro/18.1/nios2eds/bin/gnu/src/newlib-2.5.0/libgloss/nios2   ' 'CFLAGS=-g -Os -ffunction-sections -fdata-sections -mno-gpopt' 'LDFLAGS=' 'CPPFLAGS=' --cache-file=../../.././config.cache --srcdir=/cygdrive/c/intelfpga_pro/18.1/nios2eds/bin/gnu/src/newlib-2.5.0/newlib/libc/machine/nios2

## ---------------- ##
## Cache variables. ##
## ---------------- ##

ac_cv_build=x86_64-unknown-cygwin
ac_cv_c_compiler_gnu=yes
ac_cv_env_CCASFLAGS_set=
ac_cv_env_CCASFLAGS_value=
ac_cv_env_CCAS_set=
ac_cv_env_CCAS_value=
ac_cv_env_CC_set=set
ac_cv_env_CC_value='/cygdrive/c/Developer/fpga/ArrowESC/Cyclone10GX_Demo/software/Cyclone10GX_Demo_bsp/newlib-build-tmp/build-newlib-stage-wrapper nios2-elf-gcc -B/cygdrive/c/Developer/fpga/ArrowESC/Cyclone10GX_Demo/software/Cyclone10GX_Demo_bsp/newlib-build-tmp/smallc/nios2-elf/newlib/ -isystem /cygdrive/c/Developer/fpga/ArrowESC/Cyclone10GX_Demo/software/Cyclone10GX_Demo_bsp/newlib-build-tmp/smallc/nios2-elf/newlib/targ-include -isystem /cygdrive/c/intelfpga_pro/18.1/nios2eds/bin/gnu/src/newlib-2.5.0/newlib/libc/include -B/cygdrive/c/Developer/fpga/ArrowESC/Cyclone10GX_Demo/software/Cyclone10GX_Demo_bsp/newlib-build-tmp/smallc/nios2-elf/libgloss/nios2 -L/cygdrive/c/Developer/fpga/ArrowESC/Cyclone10GX_Demo/software/Cyclone10GX_Demo_bsp/newlib-build-tmp/smallc/nios2-elf/libgloss/libnosys -L/cygdrive/c/intelfpga_pro/18.1/nios2eds/bin/gnu/src/newlib-2.5.0/libgloss/nios2   '
ac_cv_env_CFLAGS_set=set
ac_cv_env_CFLAGS_value='-g -Os -ffunction-sections -fdata-sections -mno-gpopt'
ac_cv_env_CPPFLAGS_set=set
ac_cv_env_CPPFLAGS_value=
ac_cv_env_CPP_set=
ac_cv_env_CPP_value=
ac_cv_env_LDFLAGS_set=set
ac_cv_env_LDFLAGS_value=
ac_cv_env_LIBS_set=
ac_cv_env_LIBS_value=
ac_cv_env_build_alias_set=set
ac_cv_env_build_alias_value=x86_64-unknown-cygwin
ac_cv_env_host_alias_set=set
ac_cv_env_host_alias_value=nios2-elf
ac_cv_env_target_alias_set=set
ac_cv_env_target_alias_value=nios2-elf
ac_cv_host=nios2-unknown-elf
ac_cv_path_SED=/bin/sed
ac_cv_path_install='/bin/install -c'
ac_cv_path_mkdir=/bin/mkdir
ac_cv_prog_AR='/cygdrive/c/Developer/fpga/ArrowESC/Cyclone10GX_Demo/software/Cyclone10GX_Demo_bsp/newlib-build-tmp/build-newlib-stage-wrapper nios2-elf-ar'
ac_cv_prog_AS='/cygdrive/c/Developer/fpga/ArrowESC/Cyclone10GX_Demo/software/Cyclone10GX_Demo_bsp/newlib-build-tmp/build-newlib-stage-wrapper nios2-elf-as'
ac_cv_prog_AWK=gawk
ac_cv_prog_CC='/cygdrive/c/Developer/fpga/ArrowESC/Cyclone10GX_Demo/software/Cyclone10GX_Demo_bsp/newlib-build-tmp/build-newlib-stage-wrapper nios2-elf-gcc -B/cygdrive/c/Developer/fpga/ArrowESC/Cyclone10GX_Demo/software/Cyclone10GX_Demo_bsp/newlib-build-tmp/smallc/nios2-elf/newlib/ -isystem /cygdrive/c/Developer/fpga/ArrowESC/Cyclone10GX_Demo/software/Cyclone10GX_Demo_bsp/newlib-build-tmp/smallc/nios2-elf/newlib/targ-include -isystem /cygdrive/c/intelfpga_pro/18.1/nios2eds/bin/gnu/src/newlib-2.5.0/newlib/libc/include -B/cygdrive/c/Developer/fpga/ArrowESC/Cyclone10GX_Demo/software/Cyclone10GX_Demo_bsp/newlib-build-tmp/smallc/nios2-elf/libgloss/nios2 -L/cygdrive/c/Developer/fpga/ArrowESC/Cyclone10GX_Demo/software/Cyclone10GX_Demo_bsp/newlib-build-tmp/smallc/nios2-elf/libgloss/libnosys -L/cygdrive/c/intelfpga_pro/18.1/nios2eds/bin/gnu/src/newlib-2.5.0/libgloss/nios2   '
ac_cv_prog_RANLIB='/cygdrive/c/Developer/fpga/ArrowESC/Cyclone10GX_Demo/software/Cyclone10GX_Demo_bsp/newlib-build-tmp/build-newlib-stage-wrapper nios2-elf-ranlib'
ac_cv_prog_READELF=nios2-elf-readelf
ac_cv_prog_STRIP=nios2-elf-strip
ac_cv_prog_cc_g=no
ac_cv_prog_make_make_set=yes
acnewlib_cv_type_long_double=yes
am_cv_CC_dependencies_compiler_type=gcc3
libc_cv_cc_loop_to_function=yes
libc_cv_initfinit_array=no
newlib_cv_ldbl_eq_dbl=yes

## ----------------- ##
## Output variables. ##
## ----------------- ##

ACLOCAL='${SHELL} /cygdrive/c/intelfpga_pro/18.1/nios2eds/bin/gnu/src/newlib-2.5.0/missing --run aclocal-1.11'
AMDEPBACKSLASH='\'
AMDEP_FALSE='#'
AMDEP_TRUE=''
AMTAR='$${TAR-tar}'
AR='/cygdrive/c/Developer/fpga/ArrowESC/Cyclone10GX_Demo/software/Cyclone10GX_Demo_bsp/newlib-build-tmp/build-newlib-stage-wrapper nios2-elf-ar'
AS='/cygdrive/c/Developer/fpga/ArrowESC/Cyclone10GX_Demo/software/Cyclone10GX_Demo_bsp/newlib-build-tmp/build-newlib-stage-wrapper nios2-elf-as'
AUTOCONF='${SHELL} /cygdrive/c/intelfpga_pro/18.1/nios2eds/bin/gnu/src/newlib-2.5.0/missing --run autoconf'
AUTOHEADER='${SHELL} /cygdrive/c/intelfpga_pro/18.1/nios2eds/bin/gnu/src/newlib-2.5.0/missing --run autoheader'
AUTOMAKE='${SHELL} /cygdrive/c/intelfpga_pro/18.1/nios2eds/bin/gnu/src/newlib-2.5.0/missing --run automake-1.11'
AWK='gawk'
CC='/cygdrive/c/Developer/fpga/ArrowESC/Cyclone10GX_Demo/software/Cyclone10GX_Demo_bsp/newlib-build-tmp/build-newlib-stage-wrapper nios2-elf-gcc -B/cygdrive/c/Developer/fpga/ArrowESC/Cyclone10GX_Demo/software/Cyclone10GX_Demo_bsp/newlib-build-tmp/smallc/nios2-elf/newlib/ -isystem /cygdrive/c/Developer/fpga/ArrowESC/Cyclone10GX_Demo/software/Cyclone10GX_Demo_bsp/newlib-build-tmp/smallc/nios2-elf/newlib/targ-include -isystem /cygdrive/c/intelfpga_pro/18.1/nios2eds/bin/gnu/src/newlib-2.5.0/newlib/libc/include -B/cygdrive/c/Developer/fpga/ArrowESC/Cyclone10GX_Demo/software/Cyclone10GX_Demo_bsp/newlib-build-tmp/smallc/nios2-elf/libgloss/nios2 -L/cygdrive/c/Developer/fpga/ArrowESC/Cyclone10GX_Demo/software/Cyclone10GX_Demo_bsp/newlib-build-tmp/smallc/nios2-elf/libgloss/libnosys -L/cygdrive/c/intelfpga_pro/18.1/nios2eds/bin/gnu/src/newlib-2.5.0/libgloss/nios2   '
CCAS='/cygdrive/c/Developer/fpga/ArrowESC/Cyclone10GX_Demo/software/Cyclone10GX_Demo_bsp/newlib-build-tmp/build-newlib-stage-wrapper nios2-elf-gcc -B/cygdrive/c/Developer/fpga/ArrowESC/Cyclone10GX_Demo/software/Cyclone10GX_Demo_bsp/newlib-build-tmp/smallc/nios2-elf/newlib/ -isystem /cygdrive/c/Developer/fpga/ArrowESC/Cyclone10GX_Demo/software/Cyclone10GX_Demo_bsp/newlib-build-tmp/smallc/nios2-elf/newlib/targ-include -isystem /cygdrive/c/intelfpga_pro/18.1/nios2eds/bin/gnu/src/newlib-2.5.0/newlib/libc/include -B/cygdrive/c/Developer/fpga/ArrowESC/Cyclone10GX_Demo/software/Cyclone10GX_Demo_bsp/newlib-build-tmp/smallc/nios2-elf/libgloss/nios2 -L/cygdrive/c/Developer/fpga/ArrowESC/Cyclone10GX_Demo/software/Cyclone10GX_Demo_bsp/newlib-build-tmp/smallc/nios2-elf/libgloss/libnosys -L/cygdrive/c/intelfpga_pro/18.1/nios2eds/bin/gnu/src/newlib-2.5.0/libgloss/nios2   '
CCASFLAGS='-g -Os -ffunction-sections -fdata-sections -mno-gpopt'
CCDEPMODE='depmode=gcc3'
CFLAGS='-g -Os -ffunction-sections -fdata-sections -mno-gpopt'
CPP=''
CPPFLAGS=''
CYGPATH_W='cygpath -w'
DEFS='-DPACKAGE_NAME=\"newlib\" -DPACKAGE_TARNAME=\"newlib\" -DPACKAGE_VERSION=\"2.5.0\" -DPACKAGE_STRING=\"newlib\ 2.5.0\" -DPACKAGE_BUGREPORT=\"\" -DPACKAGE_URL=\"\"'
DEPDIR='.deps'
DLLTOOL='nios2-elf-dlltool'
DSYMUTIL=''
DUMPBIN=''
ECHO_C=''
ECHO_N='-n'
ECHO_T=''
EGREP=''
ELIX_LEVEL_0_FALSE='#'
ELIX_LEVEL_0_TRUE=''
ELIX_LEVEL_1_FALSE=''
ELIX_LEVEL_1_TRUE='#'
ELIX_LEVEL_2_FALSE=''
ELIX_LEVEL_2_TRUE='#'
ELIX_LEVEL_3_FALSE=''
ELIX_LEVEL_3_TRUE='#'
ELIX_LEVEL_4_FALSE=''
ELIX_LEVEL_4_TRUE='#'
EXEEXT=''
FGREP=''
GREP=''
HAVE_MACHINE_DIR_FALSE='#'
HAVE_MACHINE_DIR_TRUE=''
INSTALL_DATA='${INSTALL} -m 644'
INSTALL_PROGRAM='${INSTALL}'
INSTALL_SCRIPT='${INSTALL}'
INSTALL_STRIP_PROGRAM='$(install_sh) -c -s'
LD='nios2-elf-ld'
LDFLAGS=''
LIBOBJS=''
LIBS=''
LIBTOOL=''
LIPO='nios2-elf-lipo'
LN_S=''
LTLIBOBJS=''
MAINT='#'
MAINTAINER_MODE_FALSE=''
MAINTAINER_MODE_TRUE='#'
MAKEINFO='makeinfo'
MAY_SUPPLY_SYSCALLS_FALSE='#'
MAY_SUPPLY_SYSCALLS_TRUE=''
MKDIR_P='/bin/mkdir -p'
NEWLIB_CFLAGS=' -O2 -DHAVE_GETTIMEOFDAY -DWANT_SMALL_STDIO -DHAVE_RENAME -DWANT_PRINTF_LONG_LONG -D_REENT_SMALL -DPREFER_SIZE_OVER_SPEED -DNO_FLOATING_POINT -DSMALL_MEMORY  -DMALLOC_LOCK_PROVIDED -DMALLOC_LOCK=__malloc_lock -DMALLOC_UNLOCK=__malloc_unlock -DENV_LOCK_PROVIDED -DENV_LOCK=__env_lock -DENV_UNLOCK=__env_unlock -DHAVE_RENAME -DMISSING_SYSCALL_NAMES -fno-builtin'
NM='nios2-elf-nm'
NMEDIT=''
NO_INCLUDE_LIST=' rpc/types.h rpc/xdr.h'
OBJDUMP='nios2-elf-objdump'
OBJEXT='o'
OTOOL64=''
OTOOL=''
PACKAGE='newlib'
PACKAGE_BUGREPORT=''
PACKAGE_NAME='newlib'
PACKAGE_STRING='newlib 2.5.0'
PACKAGE_TARNAME='newlib'
PACKAGE_URL=''
PACKAGE_VERSION='2.5.0'
PATH_SEPARATOR=':'
RANLIB='/cygdrive/c/Developer/fpga/ArrowESC/Cyclone10GX_Demo/software/Cyclone10GX_Demo_bsp/newlib-build-tmp/build-newlib-stage-wrapper nios2-elf-ranlib'
READELF='nios2-elf-readelf'
SED='/bin/sed'
SET_MAKE=''
SHELL='/bin/sh'
STRIP='nios2-elf-strip'
USE_LIBTOOL_FALSE=''
USE_LIBTOOL_TRUE='#'
VERSION='2.5.0'
ac_ct_CC=''
ac_ct_DUMPBIN=''
aext='a'
am__EXEEXT_FALSE=''
am__EXEEXT_TRUE='#'
am__fastdepCC_FALSE='#'
am__fastdepCC_TRUE=''
am__include='include'
am__isrc=' -I$(srcdir)'
am__leading_dot='.'
am__nodep='_no'
am__quote=''
am__tar='$${TAR-tar} chof - "$$tardir"'
am__untar='$${TAR-tar} xf -'
bindir='${exec_prefix}/bin'
build='x86_64-unknown-cygwin'
build_alias='x86_64-unknown-cygwin'
build_cpu='x86_64'
build_os='cygwin'
build_vendor='unknown'
datadir='${datarootdir}'
datarootdir='${prefix}/share'
docdir='${datarootdir}/doc/${PACKAGE_TARNAME}'
dvidir='${docdir}'
exec_prefix='${prefix}'
host='nios2-unknown-elf'
host_alias='nios2-elf'
host_cpu='nios2'
host_os='elf'
host_vendor='unknown'
htmldir='${docdir}'
includedir='${prefix}/include'
infodir='${datarootdir}/info'
install_sh='${SHELL} /cygdrive/c/intelfpga_pro/18.1/nios2eds/bin/gnu/src/newlib-2.5.0/install-sh'
libdir='${exec_prefix}/lib'
libexecdir='${exec_prefix}/libexec'
libm_machine_dir=''
localedir='${datarootdir}/locale'
localstatedir='${prefix}/var'
lpfx='lib_a-'
machine_dir='nios2'
mandir='${datarootdir}/man'
mkdir_p='/bin/mkdir -p'
newlib_basedir='/cygdrive/c/intelfpga_pro/18.1/nios2eds/bin/gnu/src/newlib-2.5.0/newlib/libc/machine/../..'
oext='o'
oldincludedir='/usr/include'
pdfdir='${docdir}'
prefix='/cygdrive/c/Developer/fpga/ArrowESC/Cyclone10GX_Demo/software/Cyclone10GX_Demo_bsp/newlib'
program_transform_name='s&^&nios2-elf-&'
psdir='${docdir}'
sbindir='${exec_prefix}/sbin'
sharedstatedir='${prefix}/com'
subdirs=' nios2'
sys_dir=''
sysconfdir='${prefix}/etc'
target_alias='nios2-elf'

## ----------- ##
## confdefs.h. ##
## ----------- ##

/* confdefs.h */
#define PACKAGE_NAME "newlib"
#define PACKAGE_TARNAME "newlib"
#define PACKAGE_VERSION "2.5.0"
#define PACKAGE_STRING "newlib 2.5.0"
#define PACKAGE_BUGREPORT ""
#define PACKAGE_URL ""

configure: exit 0
