This file contains any messages produced by compilers while
running configure, to aid debugging if configure makes a mistake.

It was created by configure, which was
generated by GNU Autoconf 2.64.  Invocation command line was

  $ /cygdrive/c/intelfpga_pro/18.1/nios2eds/bin/gnu/src/newlib-2.5.0/configure --enable-multilib --enable-newlib-nano-malloc CFLAGS_FOR_TARGET=-g -Os -ffunction-sections -fdata-sections CXXFLAGS_FOR_TARGET=-g -Os -ffunction-sections -fdata-sections --prefix=/cygdrive/c/Developer/fpga/ArrowESC/Cyclone10GX_Demo/software/Cyclone10GX_Demo_bsp/newlib --target=nios2-elf

## --------- ##
## Platform. ##
## --------- ##

hostname = PLL00202
uname -m = x86_64
uname -r = 2.11.2(0.329/5/3)
uname -s = CYGWIN_NT-10.0
uname -v = 2018-11-08 14:34

/usr/bin/uname -p = unknown
/bin/uname -X     = unknown

/bin/arch              = x86_64
/usr/bin/arch -k       = unknown
/usr/convex/getsysinfo = unknown
/usr/bin/hostinfo      = unknown
/bin/machine           = unknown
/usr/bin/oslevel       = unknown
/bin/universe          = unknown

PATH: /bin
PATH: /cygdrive/c/intelFPGA_pro/18.1/nios2eds/bin/gnu/H-x86_64-mingw32/bin


## ----------- ##
## Core tests. ##
## ----------- ##

configure:2321: checking build system type
configure:2335: result: x86_64-unknown-cygwin
configure:2382: checking host system type
configure:2395: result: x86_64-unknown-cygwin
configure:2415: checking target system type
configure:2428: result: nios2-unknown-elf
configure:2482: checking for a BSD-compatible install
configure:2550: result: /bin/install -c
configure:2561: checking whether ln works
configure:2583: result: yes
configure:2587: checking whether ln -s works
configure:2591: result: yes
configure:2598: checking for a sed that does not truncate output
configure:2662: result: /bin/sed
configure:2671: checking for gawk
configure:2687: found /bin/gawk
configure:2698: result: gawk
configure:4027: checking to see if cat works as expected
configure:4032: result: yes
configure:4153: checking for gcc
configure:4169: found /bin/gcc
configure:4180: result: gcc
configure:4409: checking for C compiler version
configure:4418: gcc --version >&5
gcc (GCC) 4.8.3
Copyright (C) 2013 Free Software Foundation, Inc.
This is free software; see the source for copying conditions.  There is NO
warranty; not even for MERCHANTABILITY or FITNESS FOR A PARTICULAR PURPOSE.

configure:4429: $? = 0
configure:4418: gcc -v >&5
Using built-in specs.
COLLECT_GCC=gcc
COLLECT_LTO_WRAPPER=/bin/../lib/gcc/x86_64-pc-cygwin/4.8.3/lto-wrapper.exe
Target: x86_64-pc-cygwin
Configured with: /cygdrive/i/szsz/tmpp/gcc/gcc-4.8.3-3.x86_64/src/gcc-4.8.3/configure --srcdir=/cygdrive/i/szsz/tmpp/gcc/gcc-4.8.3-3.x86_64/src/gcc-4.8.3 --prefix=/usr --exec-prefix=/usr --bindir=/usr/bin --sbindir=/usr/sbin --libexecdir=/usr/libexec --datadir=/usr/share --localstatedir=/var --sysconfdir=/etc --libdir=/usr/lib --datarootdir=/usr/share --docdir=/usr/share/doc/gcc --htmldir=/usr/share/doc/gcc/html -C --build=x86_64-pc-cygwin --host=x86_64-pc-cygwin --target=x86_64-pc-cygwin --without-libiconv-prefix --without-libintl-prefix --libexecdir=/usr/lib --enable-shared --enable-shared-libgcc --enable-static --enable-version-specific-runtime-libs --enable-bootstrap --enable-__cxa_atexit --with-dwarf2 --with-tune=generic --enable-languages=ada,c,c++,fortran,lto,objc,obj-c++ --enable-graphite --enable-threads=posix --enable-libatomic --enable-libgomp --disable-libitm --enable-libquadmath --enable-libquadmath-support --enable-libssp --enable-libada --enable-libgcj-sublibs --disable-java-awt --disable-symvers --with-ecj-jar=/usr/share/java/ecj.jar --with-gnu-ld --with-gnu-as --with-cloog-include=/usr/include/cloog-isl --without-libiconv-prefix --without-libintl-prefix --with-system-zlib --enable-linker-build-id
Thread model: posix
gcc version 4.8.3 (GCC) 
configure:4429: $? = 0
configure:4418: gcc -V >&5
gcc: error: unrecognized command line option '-V'
gcc: fatal error: no input files
compilation terminated.
configure:4429: $? = 1
configure:4418: gcc -qversion >&5
gcc: error: unrecognized command line option '-qversion'
gcc: fatal error: no input files
compilation terminated.
configure:4429: $? = 1
configure:4449: checking for C compiler default output file name
configure:4471: gcc    conftest.c  >&5
configure:4475: $? = 0
configure:4512: result: a.exe
configure:4528: checking whether the C compiler works
configure:4537: ./a.exe
configure:4541: $? = 0
configure:4556: result: yes
configure:4563: checking whether we are cross compiling
configure:4565: result: no
configure:4568: checking for suffix of executables
configure:4575: gcc -o conftest.exe    conftest.c  >&5
configure:4579: $? = 0
configure:4601: result: .exe
configure:4607: checking for suffix of object files
configure:4629: gcc -c   conftest.c >&5
configure:4633: $? = 0
configure:4654: result: o
configure:4658: checking whether we are using the GNU C compiler
configure:4677: gcc -c   conftest.c >&5
configure:4677: $? = 0
configure:4686: result: yes
configure:4695: checking whether gcc accepts -g
configure:4715: gcc -c -g  conftest.c >&5
configure:4715: $? = 0
configure:4756: result: yes
configure:4773: checking for gcc option to accept ISO C89
configure:4837: gcc  -c -g -O2  conftest.c >&5
configure:4837: $? = 0
configure:4850: result: none needed
configure:4928: checking for g++
configure:4944: found /bin/g++
configure:4955: result: g++
configure:4982: checking for C++ compiler version
configure:4991: g++ --version >&5
g++ (GCC) 4.8.3
Copyright (C) 2013 Free Software Foundation, Inc.
This is free software; see the source for copying conditions.  There is NO
warranty; not even for MERCHANTABILITY or FITNESS FOR A PARTICULAR PURPOSE.

configure:5002: $? = 0
configure:4991: g++ -v >&5
Using built-in specs.
COLLECT_GCC=g++
COLLECT_LTO_WRAPPER=/bin/../lib/gcc/x86_64-pc-cygwin/4.8.3/lto-wrapper.exe
Target: x86_64-pc-cygwin
Configured with: /cygdrive/i/szsz/tmpp/gcc/gcc-4.8.3-3.x86_64/src/gcc-4.8.3/configure --srcdir=/cygdrive/i/szsz/tmpp/gcc/gcc-4.8.3-3.x86_64/src/gcc-4.8.3 --prefix=/usr --exec-prefix=/usr --bindir=/usr/bin --sbindir=/usr/sbin --libexecdir=/usr/libexec --datadir=/usr/share --localstatedir=/var --sysconfdir=/etc --libdir=/usr/lib --datarootdir=/usr/share --docdir=/usr/share/doc/gcc --htmldir=/usr/share/doc/gcc/html -C --build=x86_64-pc-cygwin --host=x86_64-pc-cygwin --target=x86_64-pc-cygwin --without-libiconv-prefix --without-libintl-prefix --libexecdir=/usr/lib --enable-shared --enable-shared-libgcc --enable-static --enable-version-specific-runtime-libs --enable-bootstrap --enable-__cxa_atexit --with-dwarf2 --with-tune=generic --enable-languages=ada,c,c++,fortran,lto,objc,obj-c++ --enable-graphite --enable-threads=posix --enable-libatomic --enable-libgomp --disable-libitm --enable-libquadmath --enable-libquadmath-support --enable-libssp --enable-libada --enable-libgcj-sublibs --disable-java-awt --disable-symvers --with-ecj-jar=/usr/share/java/ecj.jar --with-gnu-ld --with-gnu-as --with-cloog-include=/usr/include/cloog-isl --without-libiconv-prefix --without-libintl-prefix --with-system-zlib --enable-linker-build-id
Thread model: posix
gcc version 4.8.3 (GCC) 
configure:5002: $? = 0
configure:4991: g++ -V >&5
g++: error: unrecognized command line option '-V'
g++: fatal error: no input files
compilation terminated.
configure:5002: $? = 1
configure:4991: g++ -qversion >&5
g++: error: unrecognized command line option '-qversion'
g++: fatal error: no input files
compilation terminated.
configure:5002: $? = 1
configure:5006: checking whether we are using the GNU C++ compiler
configure:5025: g++ -c   conftest.cpp >&5
configure:5025: $? = 0
configure:5034: result: yes
configure:5043: checking whether g++ accepts -g
configure:5063: g++ -c -g  conftest.cpp >&5
configure:5063: $? = 0
configure:5104: result: yes
configure:5153: checking whether g++ accepts -static-libstdc++ -static-libgcc
configure:5170: g++ -o conftest.exe -g -O2   -static-libstdc++ -static-libgcc conftest.cpp  >&5
configure:5170: $? = 0
configure:5171: result: yes
configure:5235: checking for gnatbind
configure:5265: result: no
configure:5327: checking for gnatmake
configure:5357: result: no
configure:5376: checking whether compiler driver understands Ada
configure:5399: result: no
configure:5408: checking how to compare bootstrapped objects
configure:5433: result: cmp --ignore-initial=16 $$f1 $$f2
configure:5493: checking for objdir
configure:5508: result: .libs
configure:6052: checking for isl 0.16, 0.15, or deprecated 0.14
configure:6065: gcc -o conftest.exe -g -O2      -lisl -lmpc -lmpfr -lgmp conftest.c  -lisl -lgmp >&5
conftest.c:10:21: fatal error: isl/ctx.h: No such file or directory
 #include <isl/ctx.h>
                     ^
compilation terminated.
configure:6065: $? = 1
configure: failed program was:
| /* confdefs.h */
| #define PACKAGE_NAME ""
| #define PACKAGE_TARNAME ""
| #define PACKAGE_VERSION ""
| #define PACKAGE_STRING ""
| #define PACKAGE_BUGREPORT ""
| #define PACKAGE_URL ""
| #define LT_OBJDIR ".libs/"
| /* end confdefs.h.  */
| #include <isl/ctx.h>
| int
| main ()
| {
| isl_ctx_get_max_operations (isl_ctx_alloc ());
|   ;
|   return 0;
| }
configure:6072: result: no
configure:6076: result: recommended isl version is 0.16 or 0.15, the minimum required isl version 0.14 is deprecated
configure:6080: checking for isl 0.16 or 0.15
configure:6093: gcc -o conftest.exe -g -O2      -lisl -lmpc -lmpfr -lgmp conftest.c  -lisl -lgmp >&5
conftest.c:10:26: fatal error: isl/schedule.h: No such file or directory
 #include <isl/schedule.h>
                          ^
compilation terminated.
configure:6093: $? = 1
configure: failed program was:
| /* confdefs.h */
| #define PACKAGE_NAME ""
| #define PACKAGE_TARNAME ""
| #define PACKAGE_VERSION ""
| #define PACKAGE_STRING ""
| #define PACKAGE_BUGREPORT ""
| #define PACKAGE_URL ""
| #define LT_OBJDIR ".libs/"
| /* end confdefs.h.  */
| #include <isl/schedule.h>
| int
| main ()
| {
| isl_options_set_schedule_serialize_sccs (NULL, 0);
|   ;
|   return 0;
| }
configure:6100: result: no
configure:7104: checking for default BUILD_CONFIG
configure:7136: result: 
configure:7141: checking for --enable-vtable-verify
configure:7154: result: no
configure:7750: checking for bison
configure:7766: found /bin/bison
configure:7777: result: bison -y
configure:7797: checking for bison
configure:7813: found /bin/bison
configure:7824: result: bison
configure:7844: checking for gm4
configure:7874: result: no
configure:7844: checking for gnum4
configure:7874: result: no
configure:7844: checking for m4
configure:7860: found /bin/m4
configure:7871: result: m4
configure:7891: checking for flex
configure:7921: result: no
configure:7891: checking for lex
configure:7921: result: no
configure:7939: checking for flex
configure:7969: result: no
configure:7986: checking for makeinfo
configure:8002: found /bin/makeinfo
configure:8013: result: makeinfo
configure:8047: checking for expect
configure:8077: result: no
configure:8096: checking for runtest
configure:8126: result: no
configure:8241: checking for ar
configure:8257: found /bin/ar
configure:8268: result: ar
configure:8382: checking for as
configure:8398: found /bin/as
configure:8409: result: as
configure:8523: checking for dlltool
configure:8539: found /bin/dlltool
configure:8550: result: dlltool
configure:8664: checking for ld
configure:8680: found /bin/ld
configure:8691: result: ld
configure:8805: checking for lipo
configure:8835: result: no
configure:8946: checking for nm
configure:8962: found /bin/nm
configure:8973: result: nm
configure:9087: checking for ranlib
configure:9103: found /bin/ranlib
configure:9114: result: ranlib
configure:9223: checking for strip
configure:9239: found /bin/strip
configure:9250: result: strip
configure:9359: checking for windres
configure:9375: found /bin/windres
configure:9386: result: windres
configure:9500: checking for windmc
configure:9516: found /bin/windmc
configure:9527: result: windmc
configure:9641: checking for objcopy
configure:9657: found /bin/objcopy
configure:9668: result: objcopy
configure:9782: checking for objdump
configure:9798: found /bin/objdump
configure:9809: result: objdump
configure:9923: checking for readelf
configure:9939: found /bin/readelf
configure:9950: result: readelf
configure:10064: checking for nios2-elf-cc
configure:10094: result: no
configure:10064: checking for nios2-elf-gcc
configure:10080: found /cygdrive/c/intelFPGA_pro/18.1/nios2eds/bin/gnu/H-x86_64-mingw32/bin/nios2-elf-gcc
configure:10091: result: nios2-elf-gcc
configure:10225: checking for nios2-elf-c++
configure:10241: found /cygdrive/c/intelFPGA_pro/18.1/nios2eds/bin/gnu/H-x86_64-mingw32/bin/nios2-elf-c++
configure:10252: result: nios2-elf-c++
configure:10386: checking for nios2-elf-gcc
configure:10402: found /cygdrive/c/intelFPGA_pro/18.1/nios2eds/bin/gnu/H-x86_64-mingw32/bin/nios2-elf-gcc
configure:10413: result: nios2-elf-gcc
configure:10542: checking for nios2-elf-gcj
configure:10572: result: no
configure:10703: checking for nios2-elf-gfortran
configure:10733: result: no
configure:10864: checking for nios2-elf-gccgo
configure:10894: result: no
configure:11105: checking for nios2-elf-ar
configure:11121: found /cygdrive/c/intelFPGA_pro/18.1/nios2eds/bin/gnu/H-x86_64-mingw32/bin/nios2-elf-ar
configure:11132: result: nios2-elf-ar
configure:11335: checking for nios2-elf-as
configure:11351: found /cygdrive/c/intelFPGA_pro/18.1/nios2eds/bin/gnu/H-x86_64-mingw32/bin/nios2-elf-as
configure:11362: result: nios2-elf-as
configure:11565: checking for nios2-elf-dlltool
configure:11595: result: no
configure:11795: checking for nios2-elf-ld
configure:11811: found /cygdrive/c/intelFPGA_pro/18.1/nios2eds/bin/gnu/H-x86_64-mingw32/bin/nios2-elf-ld
configure:11822: result: nios2-elf-ld
configure:12025: checking for nios2-elf-lipo
configure:12055: result: no
configure:12255: checking for nios2-elf-nm
configure:12271: found /cygdrive/c/intelFPGA_pro/18.1/nios2eds/bin/gnu/H-x86_64-mingw32/bin/nios2-elf-nm
configure:12282: result: nios2-elf-nm
configure:12485: checking for nios2-elf-objcopy
configure:12501: found /cygdrive/c/intelFPGA_pro/18.1/nios2eds/bin/gnu/H-x86_64-mingw32/bin/nios2-elf-objcopy
configure:12512: result: nios2-elf-objcopy
configure:12715: checking for nios2-elf-objdump
configure:12731: found /cygdrive/c/intelFPGA_pro/18.1/nios2eds/bin/gnu/H-x86_64-mingw32/bin/nios2-elf-objdump
configure:12742: result: nios2-elf-objdump
configure:12945: checking for nios2-elf-ranlib
configure:12961: found /cygdrive/c/intelFPGA_pro/18.1/nios2eds/bin/gnu/H-x86_64-mingw32/bin/nios2-elf-ranlib
configure:12972: result: nios2-elf-ranlib
configure:13175: checking for nios2-elf-readelf
configure:13191: found /cygdrive/c/intelFPGA_pro/18.1/nios2eds/bin/gnu/H-x86_64-mingw32/bin/nios2-elf-readelf
configure:13202: result: nios2-elf-readelf
configure:13405: checking for nios2-elf-strip
configure:13421: found /cygdrive/c/intelFPGA_pro/18.1/nios2eds/bin/gnu/H-x86_64-mingw32/bin/nios2-elf-strip
configure:13432: result: nios2-elf-strip
configure:13635: checking for nios2-elf-windres
configure:13665: result: no
configure:13865: checking for nios2-elf-windmc
configure:13895: result: no
configure:13962: checking where to find the target ar
configure:13999: result: pre-installed
configure:14004: checking where to find the target as
configure:14041: result: pre-installed
configure:14046: checking where to find the target cc
configure:14083: result: pre-installed
configure:14088: checking where to find the target c++
configure:14128: result: pre-installed
configure:14133: checking where to find the target c++ for libstdc++
configure:14173: result: pre-installed
configure:14178: checking where to find the target dlltool
configure:14215: result: pre-installed
configure:14220: checking where to find the target gcc
configure:14257: result: pre-installed
configure:14262: checking where to find the target gcj
configure:14302: result: pre-installed
configure:14307: checking where to find the target gfortran
configure:14347: result: pre-installed
configure:14352: checking where to find the target gccgo
configure:14392: result: pre-installed
configure:14397: checking where to find the target ld
configure:14434: result: pre-installed
configure:14439: checking where to find the target lipo
configure:14465: result: pre-installed
configure:14470: checking where to find the target nm
configure:14507: result: pre-installed
configure:14512: checking where to find the target objcopy
configure:14549: result: pre-installed
configure:14554: checking where to find the target objdump
configure:14591: result: pre-installed
configure:14596: checking where to find the target ranlib
configure:14633: result: pre-installed
configure:14638: checking where to find the target readelf
configure:14675: result: pre-installed
configure:14680: checking where to find the target strip
configure:14717: result: pre-installed
configure:14722: checking where to find the target windres
configure:14759: result: pre-installed
configure:14764: checking where to find the target windmc
configure:14801: result: pre-installed
configure:14834: checking whether to enable maintainer-specific portions of Makefiles
configure:14843: result: no
configure:15101: creating ./config.status

## ---------------------- ##
## Running config.status. ##
## ---------------------- ##

This file was extended by config.status, which was
generated by GNU Autoconf 2.64.  Invocation command line was

  CONFIG_FILES    = 
  CONFIG_HEADERS  = 
  CONFIG_LINKS    = 
  CONFIG_COMMANDS = 
  $ ./config.status 

on PLL00202

config.status:918: creating Makefile

## ---------------- ##
## Cache variables. ##
## ---------------- ##

ac_cv_build=x86_64-unknown-cygwin
ac_cv_c_compiler_gnu=yes
ac_cv_cxx_compiler_gnu=yes
ac_cv_env_AR_FOR_TARGET_set=
ac_cv_env_AR_FOR_TARGET_value=
ac_cv_env_AR_set=
ac_cv_env_AR_value=
ac_cv_env_AS_FOR_TARGET_set=
ac_cv_env_AS_FOR_TARGET_value=
ac_cv_env_AS_set=
ac_cv_env_AS_value=
ac_cv_env_CCC_set=
ac_cv_env_CCC_value=
ac_cv_env_CC_FOR_TARGET_set=
ac_cv_env_CC_FOR_TARGET_value=
ac_cv_env_CC_set=
ac_cv_env_CC_value=
ac_cv_env_CFLAGS_set=
ac_cv_env_CFLAGS_value=
ac_cv_env_CPPFLAGS_set=
ac_cv_env_CPPFLAGS_value=
ac_cv_env_CXXFLAGS_set=
ac_cv_env_CXXFLAGS_value=
ac_cv_env_CXX_FOR_TARGET_set=
ac_cv_env_CXX_FOR_TARGET_value=
ac_cv_env_CXX_set=
ac_cv_env_CXX_value=
ac_cv_env_DLLTOOL_FOR_TARGET_set=
ac_cv_env_DLLTOOL_FOR_TARGET_value=
ac_cv_env_DLLTOOL_set=
ac_cv_env_DLLTOOL_value=
ac_cv_env_GCC_FOR_TARGET_set=
ac_cv_env_GCC_FOR_TARGET_value=
ac_cv_env_GCJ_FOR_TARGET_set=
ac_cv_env_GCJ_FOR_TARGET_value=
ac_cv_env_GFORTRAN_FOR_TARGET_set=
ac_cv_env_GFORTRAN_FOR_TARGET_value=
ac_cv_env_GOC_FOR_TARGET_set=
ac_cv_env_GOC_FOR_TARGET_value=
ac_cv_env_LDFLAGS_set=
ac_cv_env_LDFLAGS_value=
ac_cv_env_LD_FOR_TARGET_set=
ac_cv_env_LD_FOR_TARGET_value=
ac_cv_env_LD_set=
ac_cv_env_LD_value=
ac_cv_env_LIBS_set=
ac_cv_env_LIBS_value=
ac_cv_env_LIPO_FOR_TARGET_set=
ac_cv_env_LIPO_FOR_TARGET_value=
ac_cv_env_LIPO_set=
ac_cv_env_LIPO_value=
ac_cv_env_NM_FOR_TARGET_set=
ac_cv_env_NM_FOR_TARGET_value=
ac_cv_env_NM_set=
ac_cv_env_NM_value=
ac_cv_env_OBJCOPY_FOR_TARGET_set=
ac_cv_env_OBJCOPY_FOR_TARGET_value=
ac_cv_env_OBJCOPY_set=
ac_cv_env_OBJCOPY_value=
ac_cv_env_OBJDUMP_FOR_TARGET_set=
ac_cv_env_OBJDUMP_FOR_TARGET_value=
ac_cv_env_OBJDUMP_set=
ac_cv_env_OBJDUMP_value=
ac_cv_env_RANLIB_FOR_TARGET_set=
ac_cv_env_RANLIB_FOR_TARGET_value=
ac_cv_env_RANLIB_set=
ac_cv_env_RANLIB_value=
ac_cv_env_READELF_FOR_TARGET_set=
ac_cv_env_READELF_FOR_TARGET_value=
ac_cv_env_READELF_set=
ac_cv_env_READELF_value=
ac_cv_env_STRIP_FOR_TARGET_set=
ac_cv_env_STRIP_FOR_TARGET_value=
ac_cv_env_STRIP_set=
ac_cv_env_STRIP_value=
ac_cv_env_WINDMC_FOR_TARGET_set=
ac_cv_env_WINDMC_FOR_TARGET_value=
ac_cv_env_WINDMC_set=
ac_cv_env_WINDMC_value=
ac_cv_env_WINDRES_FOR_TARGET_set=
ac_cv_env_WINDRES_FOR_TARGET_value=
ac_cv_env_WINDRES_set=
ac_cv_env_WINDRES_value=
ac_cv_env_build_alias_set=
ac_cv_env_build_alias_value=
ac_cv_env_build_configargs_set=
ac_cv_env_build_configargs_value=
ac_cv_env_host_alias_set=
ac_cv_env_host_alias_value=
ac_cv_env_host_configargs_set=
ac_cv_env_host_configargs_value=
ac_cv_env_target_alias_set=set
ac_cv_env_target_alias_value=nios2-elf
ac_cv_env_target_configargs_set=
ac_cv_env_target_configargs_value=
ac_cv_exeext=.exe
ac_cv_host=x86_64-unknown-cygwin
ac_cv_objext=o
ac_cv_path_SED=/bin/sed
ac_cv_path_install='/bin/install -c'
ac_cv_prog_AR=ar
ac_cv_prog_AR_FOR_TARGET=nios2-elf-ar
ac_cv_prog_AS=as
ac_cv_prog_AS_FOR_TARGET=nios2-elf-as
ac_cv_prog_AWK=gawk
ac_cv_prog_BISON=bison
ac_cv_prog_CC_FOR_TARGET=nios2-elf-gcc
ac_cv_prog_CXX_FOR_TARGET=nios2-elf-c++
ac_cv_prog_DLLTOOL=dlltool
ac_cv_prog_GCC_FOR_TARGET=nios2-elf-gcc
ac_cv_prog_LD=ld
ac_cv_prog_LD_FOR_TARGET=nios2-elf-ld
ac_cv_prog_M4=m4
ac_cv_prog_MAKEINFO=makeinfo
ac_cv_prog_NM=nm
ac_cv_prog_NM_FOR_TARGET=nios2-elf-nm
ac_cv_prog_OBJCOPY=objcopy
ac_cv_prog_OBJCOPY_FOR_TARGET=nios2-elf-objcopy
ac_cv_prog_OBJDUMP=objdump
ac_cv_prog_OBJDUMP_FOR_TARGET=nios2-elf-objdump
ac_cv_prog_RANLIB=ranlib
ac_cv_prog_RANLIB_FOR_TARGET=nios2-elf-ranlib
ac_cv_prog_READELF=readelf
ac_cv_prog_READELF_FOR_TARGET=nios2-elf-readelf
ac_cv_prog_STRIP=strip
ac_cv_prog_STRIP_FOR_TARGET=nios2-elf-strip
ac_cv_prog_WINDMC=windmc
ac_cv_prog_WINDRES=windres
ac_cv_prog_YACC='bison -y'
ac_cv_prog_ac_ct_CC=gcc
ac_cv_prog_ac_ct_CXX=g++
ac_cv_prog_cc_c89=
ac_cv_prog_cc_g=yes
ac_cv_prog_cxx_g=yes
ac_cv_target=nios2-unknown-elf
acx_cv_cc_gcc_supports_ada=no
acx_cv_prog_LN=ln
gcc_cv_isl=no
gcc_cv_prog_cmp_skip='cmp --ignore-initial=16 $$f1 $$f2'
gcc_cv_tool_dirs=
gcc_cv_tool_prefix=/cygdrive/c/Developer/fpga/ArrowESC/Cyclone10GX_Demo/software/Cyclone10GX_Demo_bsp/newlib
lt_cv_objdir=.libs

## ----------------- ##
## Output variables. ##
## ----------------- ##

AR='ar'
AR_FOR_BUILD='$(AR)'
AR_FOR_TARGET='nios2-elf-ar'
AS='as'
AS_FOR_BUILD='$(AS)'
AS_FOR_TARGET='nios2-elf-as'
AWK='gawk'
BISON='bison'
BUILD_CONFIG=''
CC='gcc'
CC_FOR_BUILD='$(CC)'
CC_FOR_TARGET='nios2-elf-gcc'
CFLAGS='-g -O2'
CFLAGS_FOR_BUILD='-g -O2'
CFLAGS_FOR_TARGET='-g -Os -ffunction-sections -fdata-sections'
COMPILER_AS_FOR_TARGET='$(AS_FOR_TARGET)'
COMPILER_LD_FOR_TARGET='$(LD_FOR_TARGET)'
COMPILER_NM_FOR_TARGET='$(NM_FOR_TARGET)'
CONFIGURE_GDB_TK=''
CPPFLAGS=''
CXX='g++'
CXXFLAGS='-g -O2'
CXXFLAGS_FOR_BUILD='-g -O2'
CXXFLAGS_FOR_TARGET='-g -Os -ffunction-sections -fdata-sections'
CXX_FOR_BUILD='$(CXX)'
CXX_FOR_TARGET='nios2-elf-c++'
DEBUG_PREFIX_CFLAGS_FOR_TARGET=''
DEFS='-DPACKAGE_NAME=\"\" -DPACKAGE_TARNAME=\"\" -DPACKAGE_VERSION=\"\" -DPACKAGE_STRING=\"\" -DPACKAGE_BUGREPORT=\"\" -DPACKAGE_URL=\"\" -DLT_OBJDIR=\".libs/\"'
DLLTOOL='dlltool'
DLLTOOL_FOR_BUILD='$(DLLTOOL)'
DLLTOOL_FOR_TARGET='nios2-elf-dlltool'
ECHO_C=''
ECHO_N='-n'
ECHO_T=''
EXEEXT='.exe'
EXPECT='expect'
EXTRA_CONFIGARGS_LIBJAVA='--disable-static'
FLAGS_FOR_TARGET=' -B$$r/$(TARGET_SUBDIR)/newlib/ -isystem $$r/$(TARGET_SUBDIR)/newlib/targ-include -isystem $$s/newlib/libc/include -B$$r/$(TARGET_SUBDIR)/libgloss/nios2 -L$$r/$(TARGET_SUBDIR)/libgloss/libnosys -L$$s/libgloss/nios2'
FLEX='/cygdrive/c/intelfpga_pro/18.1/nios2eds/bin/gnu/src/newlib-2.5.0/missing flex'
GCC_FOR_TARGET='nios2-elf-gcc'
GCC_SHLIB_SUBDIR='/shlib'
GCJ_FOR_BUILD='$(GCJ)'
GCJ_FOR_TARGET='nios2-elf-gcj'
GDB_TK=''
GFORTRAN_FOR_BUILD='$(GFORTRAN)'
GFORTRAN_FOR_TARGET='nios2-elf-gfortran'
GNATBIND='no'
GNATMAKE='no'
GOC_FOR_BUILD='$(GOC)'
GOC_FOR_TARGET='nios2-elf-gccgo'
INSTALL_DATA='${INSTALL} -m 644'
INSTALL_GDB_TK=''
INSTALL_PROGRAM='${INSTALL}'
INSTALL_SCRIPT='${INSTALL}'
LD='ld'
LDFLAGS=''
LDFLAGS_FOR_BUILD=''
LDFLAGS_FOR_TARGET=''
LD_FOR_BUILD='$(LD)'
LD_FOR_TARGET='nios2-elf-ld'
LEX='/cygdrive/c/intelfpga_pro/18.1/nios2eds/bin/gnu/src/newlib-2.5.0/missing flex'
LIBOBJS=''
LIBS=''
LIPO='lipo'
LIPO_FOR_TARGET='nios2-elf-lipo'
LN='ln'
LN_S='ln -s'
LTLIBOBJS=''
M4='m4'
MAINT='#'
MAINTAINER_MODE_FALSE=''
MAINTAINER_MODE_TRUE='#'
MAKEINFO='makeinfo'
NM='nm'
NM_FOR_BUILD='$(NM)'
NM_FOR_TARGET='nios2-elf-nm'
OBJCOPY='objcopy'
OBJCOPY_FOR_TARGET='nios2-elf-objcopy'
OBJDUMP='objdump'
OBJDUMP_FOR_TARGET='nios2-elf-objdump'
OBJEXT='o'
PACKAGE_BUGREPORT=''
PACKAGE_NAME=''
PACKAGE_STRING=''
PACKAGE_TARNAME=''
PACKAGE_URL=''
PACKAGE_VERSION=''
PATH_SEPARATOR=':'
RANLIB='ranlib'
RANLIB_FOR_BUILD='$(RANLIB)'
RANLIB_FOR_TARGET='nios2-elf-ranlib'
RAW_CXX_FOR_TARGET='nios2-elf-c++'
READELF='readelf'
READELF_FOR_TARGET='nios2-elf-readelf'
RPATH_ENVVAR='PATH'
RUNTEST='runtest'
SED='/bin/sed'
SHELL='/bin/sh'
STRIP='strip'
STRIP_FOR_TARGET='nios2-elf-strip'
SYSROOT_CFLAGS_FOR_TARGET=''
TOPLEVEL_CONFIGURE_ARGUMENTS='/cygdrive/c/intelfpga_pro/18.1/nios2eds/bin/gnu/src/newlib-2.5.0/configure --enable-multilib --enable-newlib-nano-malloc '\''CFLAGS_FOR_TARGET=-g -Os -ffunction-sections -fdata-sections'\'' '\''CXXFLAGS_FOR_TARGET=-g -Os -ffunction-sections -fdata-sections'\'' --prefix=/cygdrive/c/Developer/fpga/ArrowESC/Cyclone10GX_Demo/software/Cyclone10GX_Demo_bsp/newlib --target=nios2-elf'
WINDMC='windmc'
WINDMC_FOR_BUILD='$(WINDMC)'
WINDMC_FOR_TARGET='nios2-elf-windmc'
WINDRES='windres'
WINDRES_FOR_BUILD='$(WINDRES)'
WINDRES_FOR_TARGET='nios2-elf-windres'
YACC='bison -y'
ac_ct_CC='gcc'
ac_ct_CXX='g++'
bindir='${exec_prefix}/bin'
build='x86_64-unknown-cygwin'
build_alias=''
build_configargs=' --cache-file=./config.cache '\''--enable-multilib'\'' '\''--enable-newlib-nano-malloc'\'' '\''--prefix=/cygdrive/c/Developer/fpga/ArrowESC/Cyclone10GX_Demo/software/Cyclone10GX_Demo_bsp/newlib'\'' --program-transform-name='\''s&^&nios2-elf-&'\'' --disable-option-checking'
build_configdirs=''
build_cpu='x86_64'
build_libsubdir='build-x86_64-unknown-cygwin'
build_noncanonical='x86_64-unknown-cygwin'
build_os='cygwin'
build_subdir='build-x86_64-unknown-cygwin'
build_tooldir='${exec_prefix}/nios2-elf'
build_vendor='unknown'
compare_exclusions='gcc/cc*-checksum$(objext) | gcc/ada/*tools/*'
configdirs=' etc'
datadir='${datarootdir}'
datarootdir='${prefix}/share'
do_compare='cmp --ignore-initial=16 $$f1 $$f2'
docdir='${datarootdir}/doc/${PACKAGE}'
dvidir='${docdir}'
exec_prefix='${prefix}'
extra_host_libiberty_configure_flags=''
extra_host_zlib_configure_flags=''
extra_isl_gmp_configure_flags=''
extra_liboffloadmic_configure_flags=''
extra_linker_plugin_configure_flags=''
extra_linker_plugin_flags=''
extra_mpc_gmp_configure_flags=''
extra_mpc_mpfr_configure_flags=''
extra_mpfr_configure_flags=''
gmpinc=''
gmplibs='-lmpc -lmpfr -lgmp'
host='x86_64-unknown-cygwin'
host_alias=''
host_configargs=' --cache-file=./config.cache  --with-system-zlib --with-newlib '\''--enable-multilib'\'' '\''--enable-newlib-nano-malloc'\'' '\''--prefix=/cygdrive/c/Developer/fpga/ArrowESC/Cyclone10GX_Demo/software/Cyclone10GX_Demo_bsp/newlib'\'' --program-transform-name='\''s&^&nios2-elf-&'\'' --disable-option-checking'
host_cpu='x86_64'
host_noncanonical='x86_64-unknown-cygwin'
host_os='cygwin'
host_shared='no'
host_subdir='.'
host_vendor='unknown'
htmldir='${docdir}'
includedir='${prefix}/include'
infodir='${datarootdir}/info'
islinc=''
isllibs=''
islver=''
libdir='${exec_prefix}/lib'
libexecdir='${exec_prefix}/libexec'
localedir='${datarootdir}/locale'
localstatedir='${prefix}/var'
mandir='${datarootdir}/man'
oldincludedir='/usr/include'
pdfdir='${docdir}'
poststage1_ldflags='-static-libstdc++ -static-libgcc'
poststage1_libs=''
prefix='/cygdrive/c/Developer/fpga/ArrowESC/Cyclone10GX_Demo/software/Cyclone10GX_Demo_bsp/newlib'
program_transform_name='s&^&nios2-elf-&'
psdir='${docdir}'
sbindir='${exec_prefix}/sbin'
sharedstatedir='${prefix}/com'
stage1_cflags='-g'
stage1_checking='--enable-checking=yes,types'
stage1_languages=',c,'
stage1_ldflags='-static-libstdc++ -static-libgcc'
stage1_libs=''
stage2_werror_flag=''
sysconfdir='${prefix}/etc'
target='nios2-unknown-elf'
target_alias='nios2-elf'
target_configargs='--cache-file=./config.cache --with-newlib --with-cross-host=x86_64-unknown-cygwin   '\''--enable-multilib'\'' '\''--enable-newlib-nano-malloc'\'' '\''--prefix=/cygdrive/c/Developer/fpga/ArrowESC/Cyclone10GX_Demo/software/Cyclone10GX_Demo_bsp/newlib'\'' --program-transform-name='\''s&^&nios2-elf-&'\'' --disable-option-checking'
target_configdirs='libgloss newlib'
target_cpu='nios2'
target_noncanonical='nios2-elf'
target_os='elf'
target_subdir='nios2-elf'
target_vendor='unknown'
tooldir='${exec_prefix}/nios2-elf'

## ------------------- ##
## File substitutions. ##
## ------------------- ##

alphaieee_frag='/dev/null'
host_makefile_frag='/cygdrive/c/intelfpga_pro/18.1/nios2eds/bin/gnu/src/newlib-2.5.0/config/mh-cygwin'
ospace_frag='/dev/null'
serialization_dependencies='serdep.tmp'
target_makefile_frag='/cygdrive/c/intelfpga_pro/18.1/nios2eds/bin/gnu/src/newlib-2.5.0/config/mt-nios2-elf'

## ----------- ##
## confdefs.h. ##
## ----------- ##

/* confdefs.h */
#define PACKAGE_NAME ""
#define PACKAGE_TARNAME ""
#define PACKAGE_VERSION ""
#define PACKAGE_STRING ""
#define PACKAGE_BUGREPORT ""
#define PACKAGE_URL ""
#define LT_OBJDIR ".libs/"

configure: exit 0
