Info: Generated by version: 18.1.2 build 277
Info: Starting: Create block symbol file (.bsf)
Info: qsys-generate C:\Developer\fpga\ArrowESC\Cyclone10GX_Demo\ip\mcu_subsystem\gpio.ip --block-symbol-file --output-directory=C:\Developer\fpga\ArrowESC\Cyclone10GX_Demo\ip\mcu_subsystem\gpio --family="Cyclone 10 GX" --part=10CX220YF780I5G
Info: gpio.gpio: PIO inputs are not hardwired in test bench. Undefined values will be read from PIO inputs during simulation.
Info: qsys-generate succeeded.
Info: Finished: Create block symbol file (.bsf)
Info: 
Info: Starting: Create HDL design files for synthesis
Info: qsys-generate C:\Developer\fpga\ArrowESC\Cyclone10GX_Demo\ip\mcu_subsystem\gpio.ip --synthesis=VERILOG --output-directory=C:\Developer\fpga\ArrowESC\Cyclone10GX_Demo\ip\mcu_subsystem\gpio --family="Cyclone 10 GX" --part=10CX220YF780I5G
Info: gpio.gpio: PIO inputs are not hardwired in test bench. Undefined values will be read from PIO inputs during simulation.
Info: gpio: "Transforming system: gpio"
Info: gpio: "Naming system components in system: gpio"
Info: gpio: "Processing generation queue"
Info: gpio: "Generating: gpio"
Info: gpio: "Generating: gpio_altera_avalon_pio_181_7tsabby"
Info: gpio: Starting RTL generation for module 'gpio_altera_avalon_pio_181_7tsabby'
Info: gpio:   Generation command is [exec C:/intelFPGA_pro/18.1/quartus/bin64/perl/bin/perl.exe -I C:/intelFPGA_pro/18.1/quartus/bin64/perl/lib -I C:/intelFPGA_pro/18.1/quartus/sopc_builder/bin/europa -I C:/intelFPGA_pro/18.1/quartus/sopc_builder/bin/perl_lib -I C:/intelFPGA_pro/18.1/quartus/sopc_builder/bin -I C:/intelFPGA_pro/18.1/quartus/../ip/altera/sopc_builder_ip/common -I C:/intelFPGA_pro/18.1/quartus/../ip/altera/sopc_builder_ip/altera_avalon_pio -- C:/intelFPGA_pro/18.1/quartus/../ip/altera/sopc_builder_ip/altera_avalon_pio/generate_rtl.pl --name=gpio_altera_avalon_pio_181_7tsabby --dir=C:/Users/a90282/AppData/Local/Temp/1/alt8105_2306573049530017600.dir/0082_gpio_gen/ --quartus_dir=C:/intelFPGA_pro/18.1/quartus --verilog --config=C:/Users/a90282/AppData/Local/Temp/1/alt8105_2306573049530017600.dir/0082_gpio_gen//gpio_altera_avalon_pio_181_7tsabby_component_configuration.pl  --do_build_sim=0  ]
Info: gpio: Done RTL generation for module 'gpio_altera_avalon_pio_181_7tsabby'
Info: gpio: Done "gpio" with 2 modules, 2 files
Info: qsys-generate succeeded.
Info: Finished: Create HDL design files for synthesis
